{"/home/travis/build/npmtest/node-npmtest-redux-api-middleware/test.js":{"path":"/home/travis/build/npmtest/node-npmtest-redux-api-middleware/test.js","s":{"1":2,"2":2,"3":2,"4":2,"5":2,"6":2,"7":2,"8":1,"9":2,"10":2,"11":1,"12":1,"13":1,"14":1,"15":2,"16":2,"17":2,"18":2,"19":1,"20":1,"21":2,"22":2,"23":2,"24":1,"25":1,"26":1,"27":1,"28":1,"29":1,"30":1,"31":1,"32":1,"33":1,"34":1,"35":1,"36":1,"37":1,"38":1,"39":2,"40":2,"41":1,"42":2,"43":2,"44":1,"45":2,"46":2,"47":1,"48":2,"49":2,"50":1,"51":1,"52":1,"53":1,"54":1},"b":{"1":[2,1,1,1],"2":[1,1,1,1],"3":[1,1],"4":[1,1],"5":[1,1],"6":[1,1],"7":[1,1],"8":[1,1],"9":[1,1],"10":[1,1,1],"11":[1,1],"12":[1,1],"13":[1,1],"14":[1,1],"15":[1,1],"16":[1,1],"17":[1,1]},"f":{"1":2,"2":2,"3":2,"4":2,"5":2,"6":1,"7":1,"8":1,"9":2,"10":2,"11":2,"12":2,"13":1},"fnMap":{"1":{"name":"(anonymous_1)","line":12,"loc":{"start":{"line":12,"column":1},"end":{"line":12,"column":13}}},"2":{"name":"(anonymous_2)","line":19,"loc":{"start":{"line":19,"column":5},"end":{"line":19,"column":17}}},"3":{"name":"(anonymous_3)","line":23,"loc":{"start":{"line":23,"column":24},"end":{"line":23,"column":36}}},"4":{"name":"(anonymous_4)","line":61,"loc":{"start":{"line":61,"column":5},"end":{"line":61,"column":17}}},"5":{"name":"(anonymous_5)","line":82,"loc":{"start":{"line":82,"column":5},"end":{"line":82,"column":17}}},"6":{"name":"(anonymous_6)","line":91,"loc":{"start":{"line":91,"column":77},"end":{"line":94,"column":10}}},"7":{"name":"(anonymous_7)","line":112,"loc":{"start":{"line":112,"column":83},"end":{"line":115,"column":10}},"skip":true},"8":{"name":"(anonymous_8)","line":123,"loc":{"start":{"line":123,"column":77},"end":{"line":126,"column":10}},"skip":true},"9":{"name":"(anonymous_9)","line":139,"loc":{"start":{"line":139,"column":12},"end":{"line":139,"column":40}},"skip":true},"10":{"name":"(anonymous_10)","line":147,"loc":{"start":{"line":147,"column":77},"end":{"line":150,"column":10}},"skip":true},"11":{"name":"(anonymous_11)","line":158,"loc":{"start":{"line":158,"column":83},"end":{"line":161,"column":10}},"skip":true},"12":{"name":"(anonymous_12)","line":169,"loc":{"start":{"line":169,"column":79},"end":{"line":172,"column":10}},"skip":true},"13":{"name":"(anonymous_13)","line":180,"loc":{"start":{"line":180,"column":75},"end":{"line":183,"column":10}},"skip":true}},"statementMap":{"1":{"start":{"line":12,"column":0},"end":{"line":195,"column":5}},"2":{"start":{"line":14,"column":4},"end":{"line":14,"column":14}},"3":{"start":{"line":19,"column":4},"end":{"line":56,"column":9}},"4":{"start":{"line":21,"column":8},"end":{"line":21,"column":19}},"5":{"start":{"line":23,"column":8},"end":{"line":35,"column":13}},"6":{"start":{"line":24,"column":12},"end":{"line":34,"column":13}},"7":{"start":{"line":25,"column":16},"end":{"line":28,"column":30}},"8":{"start":{"line":30,"column":16},"end":{"line":33,"column":27}},"9":{"start":{"line":37,"column":8},"end":{"line":39,"column":21}},"10":{"start":{"line":40,"column":8},"end":{"line":53,"column":9}},"11":{"start":{"line":43,"column":12},"end":{"line":46,"column":14}},"12":{"start":{"line":47,"column":12},"end":{"line":47,"column":18}},"13":{"start":{"line":50,"column":12},"end":{"line":51,"column":46}},"14":{"start":{"line":52,"column":12},"end":{"line":52,"column":18}},"15":{"start":{"line":55,"column":8},"end":{"line":55,"column":35}},"16":{"start":{"line":61,"column":4},"end":{"line":63,"column":9}},"17":{"start":{"line":62,"column":8},"end":{"line":62,"column":15}},"18":{"start":{"line":64,"column":4},"end":{"line":77,"column":5}},"19":{"start":{"line":70,"column":8},"end":{"line":70,"column":14}},"20":{"start":{"line":76,"column":8},"end":{"line":76,"column":14}},"21":{"start":{"line":82,"column":4},"end":{"line":84,"column":9}},"22":{"start":{"line":83,"column":8},"end":{"line":83,"column":15}},"23":{"start":{"line":85,"column":4},"end":{"line":194,"column":5}},"24":{"start":{"line":91,"column":8},"end":{"line":99,"column":10}},"25":{"start":{"line":98,"column":12},"end":{"line":98,"column":35}},"26":{"start":{"line":102,"column":8},"end":{"line":104,"column":63}},"27":{"start":{"line":105,"column":8},"end":{"line":105,"column":14}},"28":{"start":{"line":112,"column":8},"end":{"line":121,"column":10},"skip":true},"29":{"start":{"line":119,"column":12},"end":{"line":119,"column":55},"skip":true},"30":{"start":{"line":120,"column":12},"end":{"line":120,"column":48},"skip":true},"31":{"start":{"line":123,"column":8},"end":{"line":136,"column":10},"skip":true},"32":{"start":{"line":130,"column":12},"end":{"line":130,"column":76},"skip":true},"33":{"start":{"line":131,"column":12},"end":{"line":131,"column":73},"skip":true},"34":{"start":{"line":132,"column":12},"end":{"line":132,"column":74},"skip":true},"35":{"start":{"line":133,"column":12},"end":{"line":133,"column":79},"skip":true},"36":{"start":{"line":134,"column":12},"end":{"line":134,"column":25},"skip":true},"37":{"start":{"line":135,"column":12},"end":{"line":135,"column":45},"skip":true},"38":{"start":{"line":138,"column":8},"end":{"line":145,"column":14},"skip":true},"39":{"start":{"line":143,"column":16},"end":{"line":143,"column":29},"skip":true},"40":{"start":{"line":144,"column":16},"end":{"line":144,"column":55},"skip":true},"41":{"start":{"line":147,"column":8},"end":{"line":156,"column":10},"skip":true},"42":{"start":{"line":154,"column":12},"end":{"line":154,"column":25},"skip":true},"43":{"start":{"line":155,"column":12},"end":{"line":155,"column":45},"skip":true},"44":{"start":{"line":158,"column":8},"end":{"line":167,"column":10},"skip":true},"45":{"start":{"line":165,"column":12},"end":{"line":165,"column":25},"skip":true},"46":{"start":{"line":166,"column":12},"end":{"line":166,"column":48},"skip":true},"47":{"start":{"line":169,"column":8},"end":{"line":178,"column":10},"skip":true},"48":{"start":{"line":176,"column":12},"end":{"line":176,"column":25},"skip":true},"49":{"start":{"line":177,"column":12},"end":{"line":177,"column":46},"skip":true},"50":{"start":{"line":180,"column":8},"end":{"line":189,"column":10},"skip":true},"51":{"start":{"line":187,"column":12},"end":{"line":187,"column":94},"skip":true},"52":{"start":{"line":188,"column":12},"end":{"line":188,"column":48},"skip":true},"53":{"start":{"line":192,"column":8},"end":{"line":192,"column":35},"skip":true},"54":{"start":{"line":193,"column":8},"end":{"line":193,"column":14},"skip":true}},"branchMap":{"1":{"line":25,"type":"binary-expr","locations":[{"start":{"line":25,"column":23},"end":{"line":25,"column":62}},{"start":{"line":26,"column":20},"end":{"line":26,"column":70}},{"start":{"line":27,"column":20},"end":{"line":27,"column":71}},{"start":{"line":28,"column":20},"end":{"line":28,"column":29}}]},"2":{"line":30,"type":"binary-expr","locations":[{"start":{"line":30,"column":23},"end":{"line":30,"column":37}},{"start":{"line":31,"column":20},"end":{"line":31,"column":61}},{"start":{"line":32,"column":20},"end":{"line":32,"column":70}},{"start":{"line":33,"column":20},"end":{"line":33,"column":26}}]},"3":{"line":37,"type":"cond-expr","locations":[{"start":{"line":38,"column":14},"end":{"line":38,"column":20}},{"start":{"line":39,"column":14},"end":{"line":39,"column":20}}]},"4":{"line":40,"type":"switch","locations":[{"start":{"line":42,"column":8},"end":{"line":47,"column":18}},{"start":{"line":49,"column":8},"end":{"line":52,"column":18}}]},"5":{"line":44,"type":"binary-expr","locations":[{"start":{"line":44,"column":16},"end":{"line":44,"column":44}},{"start":{"line":44,"column":48},"end":{"line":44,"column":66}}]},"6":{"line":50,"type":"binary-expr","locations":[{"start":{"line":50,"column":21},"end":{"line":50,"column":49}},{"start":{"line":50,"column":53},"end":{"line":50,"column":72}}]},"7":{"line":64,"type":"switch","locations":[{"start":{"line":69,"column":4},"end":{"line":70,"column":14}},{"start":{"line":75,"column":4},"end":{"line":76,"column":14}}]},"8":{"line":85,"type":"switch","locations":[{"start":{"line":90,"column":4},"end":{"line":105,"column":14}},{"start":{"line":111,"column":4},"end":{"line":193,"column":14},"skip":true}]},"9":{"line":91,"type":"binary-expr","locations":[{"start":{"line":91,"column":42},"end":{"line":91,"column":73}},{"start":{"line":91,"column":77},"end":{"line":99,"column":9}}]},"10":{"line":102,"type":"binary-expr","locations":[{"start":{"line":102,"column":18},"end":{"line":102,"column":32}},{"start":{"line":103,"column":12},"end":{"line":103,"column":53}},{"start":{"line":104,"column":12},"end":{"line":104,"column":61}}]},"11":{"line":112,"type":"binary-expr","locations":[{"start":{"line":112,"column":45},"end":{"line":112,"column":79},"skip":true},{"start":{"line":112,"column":83},"end":{"line":121,"column":9},"skip":true}]},"12":{"line":123,"type":"binary-expr","locations":[{"start":{"line":123,"column":42},"end":{"line":123,"column":73},"skip":true},{"start":{"line":123,"column":77},"end":{"line":136,"column":9},"skip":true}]},"13":{"line":138,"type":"binary-expr","locations":[{"start":{"line":138,"column":48},"end":{"line":138,"column":85},"skip":true},{"start":{"line":139,"column":12},"end":{"line":145,"column":13},"skip":true}]},"14":{"line":147,"type":"binary-expr","locations":[{"start":{"line":147,"column":42},"end":{"line":147,"column":73},"skip":true},{"start":{"line":147,"column":77},"end":{"line":156,"column":9},"skip":true}]},"15":{"line":158,"type":"binary-expr","locations":[{"start":{"line":158,"column":45},"end":{"line":158,"column":79},"skip":true},{"start":{"line":158,"column":83},"end":{"line":167,"column":9},"skip":true}]},"16":{"line":169,"type":"binary-expr","locations":[{"start":{"line":169,"column":43},"end":{"line":169,"column":75},"skip":true},{"start":{"line":169,"column":79},"end":{"line":178,"column":9},"skip":true}]},"17":{"line":180,"type":"binary-expr","locations":[{"start":{"line":180,"column":41},"end":{"line":180,"column":71},"skip":true},{"start":{"line":180,"column":75},"end":{"line":189,"column":9},"skip":true}]}},"code":["/* istanbul instrument in package npmtest_redux_api_middleware */","/*jslint","    bitwise: true,","    browser: true,","    maxerr: 8,","    maxlen: 96,","    node: true,","    nomen: true,","    regexp: true,","    stupid: true","*/","(function () {","    'use strict';","    var local;","","","","    // run shared js-env code - pre-init","    (function () {","        // init local","        local = {};","        // init modeJs","        local.modeJs = (function () {","            try {","                return typeof navigator.userAgent === 'string' &&","                    typeof document.querySelector('body') === 'object' &&","                    typeof XMLHttpRequest.prototype.open === 'function' &&","                    'browser';","            } catch (errorCaughtBrowser) {","                return module.exports &&","                    typeof process.versions.node === 'string' &&","                    typeof require('http').createServer === 'function' &&","                    'node';","            }","        }());","        // init global","        local.global = local.modeJs === 'browser'","            ? window","            : global;","        switch (local.modeJs) {","        // re-init local from window.local","        case 'browser':","            local = local.global.utility2.objectSetDefault(","                local.global.utility2_rollup || local.global.local,","                local.global.utility2","            );","            break;","        // re-init local from example.js","        case 'node':","            local = (local.global.utility2_rollup || require('utility2'))","                .requireExampleJsFromReadme();","            break;","        }","        // export local","        local.global.local = local;","    }());","","","","    // run shared js-env code - function","    (function () {","        return;","    }());","    switch (local.modeJs) {","","","","    // run browser js-env code - function","    case 'browser':","        break;","","","","    // run node js-env code - function","    case 'node':","        break;","    }","","","","    // run shared js-env code - post-init","    (function () {","        return;","    }());","    switch (local.modeJs) {","","","","    // run browser js-env code - post-init","    case 'browser':","        local.testCase_browser_nullCase = local.testCase_browser_nullCase || function (","            options,","            onError","        ) {","        /*","         * this function will test browsers's null-case handling-behavior-behavior","         */","            onError(null, options);","        };","","        // run tests","        local.nop(local.modeTest &&","            document.querySelector('#testRunButton1') &&","            document.querySelector('#testRunButton1').click());","        break;","","","","    // run node js-env code - post-init","    /* istanbul ignore next */","    case 'node':","        local.testCase_buildApidoc_default = local.testCase_buildApidoc_default || function (","            options,","            onError","        ) {","        /*","         * this function will test buildApidoc's default handling-behavior-behavior","         */","            options = { modulePathList: module.paths };","            local.buildApidoc(options, onError);","        };","","        local.testCase_buildApp_default = local.testCase_buildApp_default || function (","            options,","            onError","        ) {","        /*","         * this function will test buildApp's default handling-behavior-behavior","         */","            local.testCase_buildReadme_default(options, local.onErrorThrow);","            local.testCase_buildLib_default(options, local.onErrorThrow);","            local.testCase_buildTest_default(options, local.onErrorThrow);","            local.testCase_buildCustomOrg_default(options, local.onErrorThrow);","            options = [];","            local.buildApp(options, onError);","        };","","        local.testCase_buildCustomOrg_default = local.testCase_buildCustomOrg_default ||","            function (options, onError) {","            /*","             * this function will test buildCustomOrg's default handling-behavior","             */","                options = {};","                local.buildCustomOrg(options, onError);","            };","","        local.testCase_buildLib_default = local.testCase_buildLib_default || function (","            options,","            onError","        ) {","        /*","         * this function will test buildLib's default handling-behavior","         */","            options = {};","            local.buildLib(options, onError);","        };","","        local.testCase_buildReadme_default = local.testCase_buildReadme_default || function (","            options,","            onError","        ) {","        /*","         * this function will test buildReadme's default handling-behavior-behavior","         */","            options = {};","            local.buildReadme(options, onError);","        };","","        local.testCase_buildTest_default = local.testCase_buildTest_default || function (","            options,","            onError","        ) {","        /*","         * this function will test buildTest's default handling-behavior","         */","            options = {};","            local.buildTest(options, onError);","        };","","        local.testCase_webpage_default = local.testCase_webpage_default || function (","            options,","            onError","        ) {","        /*","         * this function will test webpage's default handling-behavior","         */","            options = { modeCoverageMerge: true, url: local.serverLocalHost + '?modeTest=1' };","            local.browserTest(options, onError);","        };","","        // run test-server","        local.testRunServer(local);","        break;","    }","}());",""],"l":{"12":2,"14":2,"19":2,"21":2,"23":2,"24":2,"25":2,"30":1,"37":2,"40":2,"43":1,"47":1,"50":1,"52":1,"55":2,"61":2,"62":2,"64":2,"70":1,"76":1,"82":2,"83":2,"85":2,"91":1,"98":1,"102":1,"105":1,"112":1,"119":1,"120":1,"123":1,"130":1,"131":1,"132":1,"133":1,"134":1,"135":1,"138":1,"143":2,"144":2,"147":1,"154":2,"155":2,"158":1,"165":2,"166":2,"169":1,"176":2,"177":2,"180":1,"187":1,"188":1,"192":1,"193":1}},"/home/travis/build/npmtest/node-npmtest-redux-api-middleware/lib.npmtest_redux_api_middleware.js":{"path":"/home/travis/build/npmtest/node-npmtest-redux-api-middleware/lib.npmtest_redux_api_middleware.js","s":{"1":2,"2":2,"3":2,"4":2,"5":2,"6":2,"7":2,"8":1,"9":2,"10":2,"11":2,"12":2,"13":1,"14":1,"15":1,"16":1},"b":{"1":[2,1,1,1],"2":[1,1,1,1],"3":[1,1],"4":[2,2],"5":[1,1]},"f":{"1":2,"2":2,"3":2},"fnMap":{"1":{"name":"(anonymous_1)","line":12,"loc":{"start":{"line":12,"column":1},"end":{"line":12,"column":13}}},"2":{"name":"(anonymous_2)","line":19,"loc":{"start":{"line":19,"column":5},"end":{"line":19,"column":17}}},"3":{"name":"(anonymous_3)","line":23,"loc":{"start":{"line":23,"column":24},"end":{"line":23,"column":36}}}},"statementMap":{"1":{"start":{"line":12,"column":0},"end":{"line":53,"column":5}},"2":{"start":{"line":14,"column":4},"end":{"line":14,"column":14}},"3":{"start":{"line":19,"column":4},"end":{"line":52,"column":9}},"4":{"start":{"line":21,"column":8},"end":{"line":21,"column":19}},"5":{"start":{"line":23,"column":8},"end":{"line":35,"column":13}},"6":{"start":{"line":24,"column":12},"end":{"line":34,"column":13}},"7":{"start":{"line":25,"column":16},"end":{"line":28,"column":30}},"8":{"start":{"line":30,"column":16},"end":{"line":33,"column":27}},"9":{"start":{"line":37,"column":8},"end":{"line":39,"column":21}},"10":{"start":{"line":41,"column":8},"end":{"line":41,"column":54}},"11":{"start":{"line":43,"column":8},"end":{"line":43,"column":65}},"12":{"start":{"line":45,"column":8},"end":{"line":51,"column":9}},"13":{"start":{"line":46,"column":12},"end":{"line":46,"column":71}},"14":{"start":{"line":48,"column":12},"end":{"line":48,"column":35}},"15":{"start":{"line":49,"column":12},"end":{"line":49,"column":49}},"16":{"start":{"line":50,"column":12},"end":{"line":50,"column":43}}},"branchMap":{"1":{"line":25,"type":"binary-expr","locations":[{"start":{"line":25,"column":23},"end":{"line":25,"column":62}},{"start":{"line":26,"column":20},"end":{"line":26,"column":70}},{"start":{"line":27,"column":20},"end":{"line":27,"column":71}},{"start":{"line":28,"column":20},"end":{"line":28,"column":29}}]},"2":{"line":30,"type":"binary-expr","locations":[{"start":{"line":30,"column":23},"end":{"line":30,"column":37}},{"start":{"line":31,"column":20},"end":{"line":31,"column":61}},{"start":{"line":32,"column":20},"end":{"line":32,"column":70}},{"start":{"line":33,"column":20},"end":{"line":33,"column":26}}]},"3":{"line":37,"type":"cond-expr","locations":[{"start":{"line":38,"column":14},"end":{"line":38,"column":20}},{"start":{"line":39,"column":14},"end":{"line":39,"column":20}}]},"4":{"line":41,"type":"binary-expr","locations":[{"start":{"line":41,"column":16},"end":{"line":41,"column":44}},{"start":{"line":41,"column":48},"end":{"line":41,"column":53}}]},"5":{"line":45,"type":"if","locations":[{"start":{"line":45,"column":8},"end":{"line":45,"column":8}},{"start":{"line":45,"column":8},"end":{"line":45,"column":8}}]}},"code":["/* istanbul instrument in package npmtest_redux_api_middleware */","/*jslint","    bitwise: true,","    browser: true,","    maxerr: 8,","    maxlen: 96,","    node: true,","    nomen: true,","    regexp: true,","    stupid: true","*/","(function () {","    'use strict';","    var local;","","","","    // run shared js-env code - pre-init","    (function () {","        // init local","        local = {};","        // init modeJs","        local.modeJs = (function () {","            try {","                return typeof navigator.userAgent === 'string' &&","                    typeof document.querySelector('body') === 'object' &&","                    typeof XMLHttpRequest.prototype.open === 'function' &&","                    'browser';","            } catch (errorCaughtBrowser) {","                return module.exports &&","                    typeof process.versions.node === 'string' &&","                    typeof require('http').createServer === 'function' &&","                    'node';","            }","        }());","        // init global","        local.global = local.modeJs === 'browser'","            ? window","            : global;","        // init utility2_rollup","        local = local.global.utility2_rollup || local;","        // init lib","        local.local = local.npmtest_redux_api_middleware = local;","        // init exports","        if (local.modeJs === 'browser') {","            local.global.utility2_npmtest_redux_api_middleware = local;","        } else {","            module.exports = local;","            module.exports.__dirname = __dirname;","            module.exports.module = module;","        }","    }());","}());",""],"l":{"12":2,"14":2,"19":2,"21":2,"23":2,"24":2,"25":2,"30":1,"37":2,"41":2,"43":2,"45":2,"46":1,"48":1,"49":1,"50":1}},"/home/travis/build/npmtest/node-npmtest-redux-api-middleware/example.js":{"path":"/home/travis/build/npmtest/node-npmtest-redux-api-middleware/example.js","s":{"1":2,"2":2,"3":2,"4":2,"5":2,"6":2,"7":2,"8":1,"9":2,"10":2,"11":2,"12":2,"13":1,"14":2,"15":2,"16":2,"17":2,"18":2,"19":0,"20":2,"21":1,"22":1,"23":1,"24":1,"25":1,"26":0,"27":0,"28":1,"29":1,"30":2,"31":0,"32":0,"33":0,"34":1,"35":2,"36":2,"37":3,"38":3,"39":3,"40":3,"41":0,"42":3,"43":3,"44":3,"45":1,"46":3,"47":1,"48":1,"49":1,"50":1,"51":1,"52":1,"53":1,"54":1,"55":1,"56":1,"57":0,"58":1,"59":6,"60":6,"61":1,"62":2,"63":0,"64":2,"65":1,"66":1,"67":0,"68":0,"69":0,"70":0,"71":0,"72":0,"73":0,"74":0,"75":0,"76":0,"77":0,"78":0,"79":0,"80":0,"81":0,"82":0,"83":0},"b":{"1":[2,1,1,1],"2":[1,1,1,1],"3":[1,1],"4":[2,2],"5":[1,1],"6":[1,1],"7":[2,0],"8":[2,1,1,1,1,1],"9":[0,2,0],"10":[1,1],"11":[2,1,1],"12":[1,0],"13":[0,2],"14":[2,0,0,0,0,0,0],"15":[0,3],"16":[3,0],"17":[1,1],"18":[0,1],"19":[1,2,0,2],"20":[1,0],"21":[1,1],"22":[0,0],"23":[0,0],"24":[0,0],"25":[0,0],"26":[0,0],"27":[0,0],"28":[0,0]},"f":{"1":2,"2":2,"3":2,"4":2,"5":2,"6":2,"7":3,"8":3,"9":3,"10":1,"11":6,"12":0},"fnMap":{"1":{"name":"(anonymous_1)","line":26,"loc":{"start":{"line":26,"column":1},"end":{"line":26,"column":13}}},"2":{"name":"(anonymous_2)","line":33,"loc":{"start":{"line":33,"column":5},"end":{"line":33,"column":17}}},"3":{"name":"(anonymous_3)","line":37,"loc":{"start":{"line":37,"column":24},"end":{"line":37,"column":36}}},"4":{"name":"(anonymous_4)","line":69,"loc":{"start":{"line":69,"column":31},"end":{"line":69,"column":48}},"skip":true},"5":{"name":"(anonymous_5)","line":78,"loc":{"start":{"line":78,"column":26},"end":{"line":78,"column":45}},"skip":true},"6":{"name":"(anonymous_6)","line":123,"loc":{"start":{"line":123,"column":33},"end":{"line":123,"column":48}},"skip":true},"7":{"name":"(anonymous_7)","line":125,"loc":{"start":{"line":125,"column":27},"end":{"line":125,"column":39}},"skip":true},"8":{"name":"(anonymous_8)","line":133,"loc":{"start":{"line":133,"column":59},"end":{"line":133,"column":74}},"skip":true},"9":{"name":"(anonymous_9)","line":143,"loc":{"start":{"line":143,"column":45},"end":{"line":143,"column":62}},"skip":true},"10":{"name":"(anonymous_10)","line":144,"loc":{"start":{"line":144,"column":73},"end":{"line":144,"column":92}},"skip":true},"11":{"name":"(anonymous_11)","line":272,"loc":{"start":{"line":272,"column":51},"end":{"line":272,"column":77}},"skip":true},"12":{"name":"(anonymous_12)","line":315,"loc":{"start":{"line":315,"column":32},"end":{"line":315,"column":61}},"skip":true}},"statementMap":{"1":{"start":{"line":26,"column":0},"end":{"line":326,"column":5}},"2":{"start":{"line":28,"column":4},"end":{"line":28,"column":14}},"3":{"start":{"line":33,"column":4},"end":{"line":60,"column":9}},"4":{"start":{"line":35,"column":8},"end":{"line":35,"column":19}},"5":{"start":{"line":37,"column":8},"end":{"line":49,"column":13}},"6":{"start":{"line":38,"column":12},"end":{"line":48,"column":13}},"7":{"start":{"line":39,"column":16},"end":{"line":42,"column":30}},"8":{"start":{"line":44,"column":16},"end":{"line":47,"column":27}},"9":{"start":{"line":51,"column":8},"end":{"line":53,"column":21}},"10":{"start":{"line":55,"column":8},"end":{"line":57,"column":45}},"11":{"start":{"line":59,"column":8},"end":{"line":59,"column":35}},"12":{"start":{"line":61,"column":4},"end":{"line":325,"column":5}},"13":{"start":{"line":69,"column":8},"end":{"line":121,"column":10},"skip":true},"14":{"start":{"line":70,"column":12},"end":{"line":88,"column":13},"skip":true},"15":{"start":{"line":76,"column":16},"end":{"line":87,"column":19},"skip":true},"16":{"start":{"line":79,"column":20},"end":{"line":86,"column":21},"skip":true},"17":{"start":{"line":82,"column":24},"end":{"line":82,"column":43},"skip":true},"18":{"start":{"line":83,"column":24},"end":{"line":83,"column":30},"skip":true},"19":{"start":{"line":85,"column":24},"end":{"line":85,"column":49},"skip":true},"20":{"start":{"line":89,"column":12},"end":{"line":107,"column":13},"skip":true},"21":{"start":{"line":92,"column":16},"end":{"line":102,"column":17},"skip":true},"22":{"start":{"line":93,"column":20},"end":{"line":93,"column":86},"skip":true},"23":{"start":{"line":94,"column":20},"end":{"line":95,"column":45},"skip":true},"24":{"start":{"line":96,"column":20},"end":{"line":96,"column":42},"skip":true},"25":{"start":{"line":97,"column":20},"end":{"line":97,"column":48},"skip":true},"26":{"start":{"line":100,"column":20},"end":{"line":100,"column":85},"skip":true},"27":{"start":{"line":101,"column":20},"end":{"line":101,"column":96},"skip":true},"28":{"start":{"line":103,"column":16},"end":{"line":103,"column":22},"skip":true},"29":{"start":{"line":106,"column":16},"end":{"line":106,"column":22},"skip":true},"30":{"start":{"line":108,"column":12},"end":{"line":120,"column":13},"skip":true},"31":{"start":{"line":114,"column":16},"end":{"line":119,"column":17},"skip":true},"32":{"start":{"line":116,"column":20},"end":{"line":116,"column":78},"skip":true},"33":{"start":{"line":118,"column":20},"end":{"line":118,"column":47},"skip":true},"34":{"start":{"line":123,"column":8},"end":{"line":141,"column":11},"skip":true},"35":{"start":{"line":124,"column":12},"end":{"line":124,"column":54},"skip":true},"36":{"start":{"line":125,"column":12},"end":{"line":140,"column":14},"skip":true},"37":{"start":{"line":126,"column":16},"end":{"line":126,"column":28},"skip":true},"38":{"start":{"line":127,"column":16},"end":{"line":127,"column":69},"skip":true},"39":{"start":{"line":128,"column":16},"end":{"line":128,"column":75},"skip":true},"40":{"start":{"line":129,"column":16},"end":{"line":131,"column":17},"skip":true},"41":{"start":{"line":130,"column":20},"end":{"line":130,"column":27},"skip":true},"42":{"start":{"line":133,"column":16},"end":{"line":137,"column":36},"skip":true},"43":{"start":{"line":134,"column":20},"end":{"line":136,"column":55},"skip":true},"44":{"start":{"line":139,"column":16},"end":{"line":139,"column":57},"skip":true},"45":{"start":{"line":143,"column":8},"end":{"line":147,"column":11},"skip":true},"46":{"start":{"line":144,"column":12},"end":{"line":146,"column":15},"skip":true},"47":{"start":{"line":145,"column":16},"end":{"line":145,"column":70},"skip":true},"48":{"start":{"line":149,"column":8},"end":{"line":149,"column":31},"skip":true},"49":{"start":{"line":150,"column":8},"end":{"line":150,"column":14},"skip":true},"50":{"start":{"line":158,"column":8},"end":{"line":158,"column":31},"skip":true},"51":{"start":{"line":160,"column":8},"end":{"line":160,"column":33},"skip":true},"52":{"start":{"line":161,"column":8},"end":{"line":161,"column":37},"skip":true},"53":{"start":{"line":162,"column":8},"end":{"line":162,"column":35},"skip":true},"54":{"start":{"line":164,"column":8},"end":{"line":164,"column":50},"skip":true},"55":{"start":{"line":166,"column":8},"end":{"line":256,"column":2},"skip":true},"56":{"start":{"line":258,"column":8},"end":{"line":286,"column":9},"skip":true},"57":{"start":{"line":259,"column":12},"end":{"line":269,"column":14},"skip":true},"58":{"start":{"line":271,"column":12},"end":{"line":285,"column":19},"skip":true},"59":{"start":{"line":274,"column":20},"end":{"line":274,"column":35},"skip":true},"60":{"start":{"line":275,"column":20},"end":{"line":284,"column":21},"skip":true},"61":{"start":{"line":277,"column":24},"end":{"line":277,"column":64},"skip":true},"62":{"start":{"line":279,"column":24},"end":{"line":279,"column":40},"skip":true},"63":{"start":{"line":281,"column":24},"end":{"line":281,"column":40},"skip":true},"64":{"start":{"line":283,"column":24},"end":{"line":283,"column":39},"skip":true},"65":{"start":{"line":288,"column":8},"end":{"line":290,"column":9},"skip":true},"66":{"start":{"line":289,"column":12},"end":{"line":289,"column":18},"skip":true},"67":{"start":{"line":291,"column":8},"end":{"line":293,"column":54},"skip":true},"68":{"start":{"line":296,"column":8},"end":{"line":301,"column":37},"skip":true},"69":{"start":{"line":303,"column":8},"end":{"line":303,"column":82},"skip":true},"70":{"start":{"line":306,"column":8},"end":{"line":308,"column":9},"skip":true},"71":{"start":{"line":307,"column":12},"end":{"line":307,"column":82},"skip":true},"72":{"start":{"line":310,"column":8},"end":{"line":312,"column":9},"skip":true},"73":{"start":{"line":311,"column":12},"end":{"line":311,"column":18},"skip":true},"74":{"start":{"line":313,"column":8},"end":{"line":313,"column":54},"skip":true},"75":{"start":{"line":314,"column":8},"end":{"line":314,"column":69},"skip":true},"76":{"start":{"line":315,"column":8},"end":{"line":323,"column":36},"skip":true},"77":{"start":{"line":316,"column":12},"end":{"line":316,"column":61},"skip":true},"78":{"start":{"line":317,"column":12},"end":{"line":320,"column":13},"skip":true},"79":{"start":{"line":318,"column":16},"end":{"line":318,"column":75},"skip":true},"80":{"start":{"line":319,"column":16},"end":{"line":319,"column":23},"skip":true},"81":{"start":{"line":321,"column":12},"end":{"line":321,"column":38},"skip":true},"82":{"start":{"line":322,"column":12},"end":{"line":322,"column":27},"skip":true},"83":{"start":{"line":324,"column":8},"end":{"line":324,"column":14},"skip":true}},"branchMap":{"1":{"line":39,"type":"binary-expr","locations":[{"start":{"line":39,"column":23},"end":{"line":39,"column":62}},{"start":{"line":40,"column":20},"end":{"line":40,"column":70}},{"start":{"line":41,"column":20},"end":{"line":41,"column":71}},{"start":{"line":42,"column":20},"end":{"line":42,"column":29}}]},"2":{"line":44,"type":"binary-expr","locations":[{"start":{"line":44,"column":23},"end":{"line":44,"column":37}},{"start":{"line":45,"column":20},"end":{"line":45,"column":61}},{"start":{"line":46,"column":20},"end":{"line":46,"column":70}},{"start":{"line":47,"column":20},"end":{"line":47,"column":26}}]},"3":{"line":51,"type":"cond-expr","locations":[{"start":{"line":52,"column":14},"end":{"line":52,"column":20}},{"start":{"line":53,"column":14},"end":{"line":53,"column":20}}]},"4":{"line":55,"type":"binary-expr","locations":[{"start":{"line":55,"column":16},"end":{"line":55,"column":44}},{"start":{"line":55,"column":49},"end":{"line":57,"column":43}}]},"5":{"line":55,"type":"cond-expr","locations":[{"start":{"line":56,"column":14},"end":{"line":56,"column":64}},{"start":{"line":57,"column":14},"end":{"line":57,"column":43}}]},"6":{"line":61,"type":"switch","locations":[{"start":{"line":68,"column":4},"end":{"line":150,"column":14},"skip":true},{"start":{"line":156,"column":4},"end":{"line":324,"column":14},"skip":true}]},"7":{"line":70,"type":"if","locations":[{"start":{"line":70,"column":12},"end":{"line":70,"column":12},"skip":true},{"start":{"line":70,"column":12},"end":{"line":70,"column":12},"skip":true}]},"8":{"line":70,"type":"binary-expr","locations":[{"start":{"line":70,"column":16},"end":{"line":70,"column":22},"skip":true},{"start":{"line":70,"column":27},"end":{"line":70,"column":32},"skip":true},{"start":{"line":71,"column":20},"end":{"line":71,"column":39},"skip":true},{"start":{"line":72,"column":20},"end":{"line":72,"column":49},"skip":true},{"start":{"line":73,"column":20},"end":{"line":73,"column":58},"skip":true},{"start":{"line":74,"column":20},"end":{"line":74,"column":69},"skip":true}]},"9":{"line":79,"type":"switch","locations":[{"start":{"line":80,"column":20},"end":{"line":80,"column":33},"skip":true},{"start":{"line":81,"column":20},"end":{"line":83,"column":30},"skip":true},{"start":{"line":84,"column":20},"end":{"line":85,"column":49},"skip":true}]},"10":{"line":89,"type":"switch","locations":[{"start":{"line":90,"column":12},"end":{"line":103,"column":22},"skip":true},{"start":{"line":105,"column":12},"end":{"line":106,"column":22},"skip":true}]},"11":{"line":89,"type":"binary-expr","locations":[{"start":{"line":89,"column":20},"end":{"line":89,"column":25},"skip":true},{"start":{"line":89,"column":29},"end":{"line":89,"column":48},"skip":true},{"start":{"line":89,"column":52},"end":{"line":89,"column":74},"skip":true}]},"12":{"line":92,"type":"if","locations":[{"start":{"line":92,"column":16},"end":{"line":92,"column":16},"skip":true},{"start":{"line":92,"column":16},"end":{"line":92,"column":16},"skip":true}]},"13":{"line":108,"type":"if","locations":[{"start":{"line":108,"column":12},"end":{"line":108,"column":12},"skip":true},{"start":{"line":108,"column":12},"end":{"line":108,"column":12},"skip":true}]},"14":{"line":108,"type":"binary-expr","locations":[{"start":{"line":108,"column":16},"end":{"line":108,"column":61},"skip":true},{"start":{"line":108,"column":66},"end":{"line":108,"column":72},"skip":true},{"start":{"line":108,"column":77},"end":{"line":108,"column":82},"skip":true},{"start":{"line":109,"column":20},"end":{"line":109,"column":39},"skip":true},{"start":{"line":110,"column":20},"end":{"line":110,"column":49},"skip":true},{"start":{"line":111,"column":20},"end":{"line":111,"column":58},"skip":true},{"start":{"line":112,"column":20},"end":{"line":112,"column":68},"skip":true}]},"15":{"line":129,"type":"if","locations":[{"start":{"line":129,"column":16},"end":{"line":129,"column":16},"skip":true},{"start":{"line":129,"column":16},"end":{"line":129,"column":16},"skip":true}]},"16":{"line":134,"type":"cond-expr","locations":[{"start":{"line":135,"column":26},"end":{"line":135,"column":29},"skip":true},{"start":{"line":136,"column":26},"end":{"line":136,"column":54},"skip":true}]},"17":{"line":164,"type":"binary-expr","locations":[{"start":{"line":164,"column":27},"end":{"line":164,"column":43},"skip":true},{"start":{"line":164,"column":47},"end":{"line":164,"column":49},"skip":true}]},"18":{"line":258,"type":"if","locations":[{"start":{"line":258,"column":8},"end":{"line":258,"column":8},"skip":true},{"start":{"line":258,"column":8},"end":{"line":258,"column":8},"skip":true}]},"19":{"line":275,"type":"switch","locations":[{"start":{"line":276,"column":20},"end":{"line":277,"column":64},"skip":true},{"start":{"line":278,"column":20},"end":{"line":279,"column":40},"skip":true},{"start":{"line":280,"column":20},"end":{"line":281,"column":40},"skip":true},{"start":{"line":282,"column":20},"end":{"line":283,"column":39},"skip":true}]},"20":{"line":288,"type":"if","locations":[{"start":{"line":288,"column":8},"end":{"line":288,"column":8},"skip":true},{"start":{"line":288,"column":8},"end":{"line":288,"column":8},"skip":true}]},"21":{"line":288,"type":"binary-expr","locations":[{"start":{"line":288,"column":12},"end":{"line":288,"column":40},"skip":true},{"start":{"line":288,"column":44},"end":{"line":288,"column":67},"skip":true}]},"22":{"line":292,"type":"binary-expr","locations":[{"start":{"line":292,"column":12},"end":{"line":292,"column":50},"skip":true},{"start":{"line":293,"column":12},"end":{"line":293,"column":53},"skip":true}]},"23":{"line":297,"type":"binary-expr","locations":[{"start":{"line":297,"column":12},"end":{"line":297,"column":78},"skip":true},{"start":{"line":298,"column":12},"end":{"line":301,"column":36},"skip":true}]},"24":{"line":303,"type":"binary-expr","locations":[{"start":{"line":303,"column":43},"end":{"line":303,"column":75},"skip":true},{"start":{"line":303,"column":79},"end":{"line":303,"column":81},"skip":true}]},"25":{"line":306,"type":"if","locations":[{"start":{"line":306,"column":8},"end":{"line":306,"column":8},"skip":true},{"start":{"line":306,"column":8},"end":{"line":306,"column":8},"skip":true}]},"26":{"line":310,"type":"if","locations":[{"start":{"line":310,"column":8},"end":{"line":310,"column":8},"skip":true},{"start":{"line":310,"column":8},"end":{"line":310,"column":8},"skip":true}]},"27":{"line":313,"type":"binary-expr","locations":[{"start":{"line":313,"column":27},"end":{"line":313,"column":43},"skip":true},{"start":{"line":313,"column":47},"end":{"line":313,"column":53},"skip":true}]},"28":{"line":317,"type":"if","locations":[{"start":{"line":317,"column":12},"end":{"line":317,"column":12},"skip":true},{"start":{"line":317,"column":12},"end":{"line":317,"column":12},"skip":true}]}},"code":["/*","example.js","","quickstart example","","instruction","    1. save this script as example.js","    2. run the shell command:","        $ npm install npmtest-redux-api-middleware && PORT=8081 node example.js","    3. play with the browser-demo on http://127.0.0.1:8081","*/","","","","/* istanbul instrument in package npmtest_redux_api_middleware */","/*jslint","    bitwise: true,","    browser: true,","    maxerr: 8,","    maxlen: 96,","    node: true,","    nomen: true,","    regexp: true,","    stupid: true","*/","(function () {","    'use strict';","    var local;","","","","    // run shared js-env code - pre-init","    (function () {","        // init local","        local = {};","        // init modeJs","        local.modeJs = (function () {","            try {","                return typeof navigator.userAgent === 'string' &&","                    typeof document.querySelector('body') === 'object' &&","                    typeof XMLHttpRequest.prototype.open === 'function' &&","                    'browser';","            } catch (errorCaughtBrowser) {","                return module.exports &&","                    typeof process.versions.node === 'string' &&","                    typeof require('http').createServer === 'function' &&","                    'node';","            }","        }());","        // init global","        local.global = local.modeJs === 'browser'","            ? window","            : global;","        // init utility2_rollup","        local = local.global.utility2_rollup || (local.modeJs === 'browser'","            ? local.global.utility2_npmtest_redux_api_middleware","            : global.utility2_moduleExports);","        // export local","        local.global.local = local;","    }());","    switch (local.modeJs) {","","","","    // post-init","    // run browser js-env code - post-init","    /* istanbul ignore next */","    case 'browser':","        local.testRunBrowser = function (event) {","            if (!event || (event &&","                    event.currentTarget &&","                    event.currentTarget.className &&","                    event.currentTarget.className.includes &&","                    event.currentTarget.className.includes('onreset'))) {","                // reset output","                Array.from(","                    document.querySelectorAll('body > .resettable')","                ).forEach(function (element) {","                    switch (element.tagName) {","                    case 'INPUT':","                    case 'TEXTAREA':","                        element.value = '';","                        break;","                    default:","                        element.textContent = '';","                    }","                });","            }","            switch (event && event.currentTarget && event.currentTarget.id) {","            case 'testRunButton1':","                // show tests","                if (document.querySelector('#testReportDiv1').style.display === 'none') {","                    document.querySelector('#testReportDiv1').style.display = 'block';","                    document.querySelector('#testRunButton1').textContent =","                        'hide internal test';","                    local.modeTest = true;","                    local.testRunDefault(local);","                // hide tests","                } else {","                    document.querySelector('#testReportDiv1').style.display = 'none';","                    document.querySelector('#testRunButton1').textContent = 'run internal test';","                }","                break;","            // custom-case","            default:","                break;","            }","            if (document.querySelector('#inputTextareaEval1') && (!event || (event &&","                    event.currentTarget &&","                    event.currentTarget.className &&","                    event.currentTarget.className.includes &&","                    event.currentTarget.className.includes('oneval')))) {","                // try to eval input-code","                try {","                    /*jslint evil: true*/","                    eval(document.querySelector('#inputTextareaEval1').value);","                } catch (errorCaught) {","                    console.error(errorCaught);","                }","            }","        };","        // log stderr and stdout to #outputTextareaStdout1","        ['error', 'log'].forEach(function (key) {","            console[key + '_original'] = console[key];","            console[key] = function () {","                var element;","                console[key + '_original'].apply(console, arguments);","                element = document.querySelector('#outputTextareaStdout1');","                if (!element) {","                    return;","                }","                // append text to #outputTextareaStdout1","                element.value += Array.from(arguments).map(function (arg) {","                    return typeof arg === 'string'","                        ? arg","                        : JSON.stringify(arg, null, 4);","                }).join(' ') + '\\n';","                // scroll textarea to bottom","                element.scrollTop = element.scrollHeight;","            };","        });","        // init event-handling","        ['change', 'click', 'keyup'].forEach(function (event) {","            Array.from(document.querySelectorAll('.on' + event)).forEach(function (element) {","                element.addEventListener(event, local.testRunBrowser);","            });","        });","        // run tests","        local.testRunBrowser();","        break;","","","","    // run node js-env code - post-init","    /* istanbul ignore next */","    case 'node':","        // export local","        module.exports = local;","        // require modules","        local.fs = require('fs');","        local.http = require('http');","        local.url = require('url');","        // init assets","        local.assetsDict = local.assetsDict || {};","        /* jslint-ignore-begin */","        local.assetsDict['/assets.index.template.html'] = '\\","<!doctype html>\\n\\","<html lang=\"en\">\\n\\","<head>\\n\\","<meta charset=\"UTF-8\">\\n\\","<meta name=\"viewport\" content=\"width=device-width, initial-scale=1\">\\n\\","<title>{{env.npm_package_name}} (v{{env.npm_package_version}})</title>\\n\\","<style>\\n\\","/*csslint\\n\\","    box-sizing: false,\\n\\","    universal-selector: false\\n\\","*/\\n\\","* {\\n\\","    box-sizing: border-box;\\n\\","}\\n\\","body {\\n\\","    background: #dde;\\n\\","    font-family: Arial, Helvetica, sans-serif;\\n\\","    margin: 2rem;\\n\\","}\\n\\","body > * {\\n\\","    margin-bottom: 1rem;\\n\\","}\\n\\",".utility2FooterDiv {\\n\\","    margin-top: 20px;\\n\\","    text-align: center;\\n\\","}\\n\\","</style>\\n\\","<style>\\n\\","/*csslint\\n\\","*/\\n\\","textarea {\\n\\","    font-family: monospace;\\n\\","    height: 10rem;\\n\\","    width: 100%;\\n\\","}\\n\\","textarea[readonly] {\\n\\","    background: #ddd;\\n\\","}\\n\\","</style>\\n\\","</head>\\n\\","<body>\\n\\","<!-- utility2-comment\\n\\","<div id=\"ajaxProgressDiv1\" style=\"background: #d00; height: 2px; left: 0; margin: 0; padding: 0; position: fixed; top: 0; transition: background 0.5s, width 1.5s; width: 25%;\"></div>\\n\\","utility2-comment -->\\n\\","<h1>\\n\\","<!-- utility2-comment\\n\\","    <a\\n\\","        {{#if env.npm_package_homepage}}\\n\\","        href=\"{{env.npm_package_homepage}}\"\\n\\","        {{/if env.npm_package_homepage}}\\n\\","        target=\"_blank\"\\n\\","    >\\n\\","utility2-comment -->\\n\\","        {{env.npm_package_name}} (v{{env.npm_package_version}})\\n\\","<!-- utility2-comment\\n\\","    </a>\\n\\","utility2-comment -->\\n\\","</h1>\\n\\","<h3>{{env.npm_package_description}}</h3>\\n\\","<!-- utility2-comment\\n\\","<h4><a download href=\"assets.app.js\">download standalone app</a></h4>\\n\\","<button class=\"onclick onreset\" id=\"testRunButton1\">run internal test</button><br>\\n\\","<div id=\"testReportDiv1\" style=\"display: none;\"></div>\\n\\","utility2-comment -->\\n\\","\\n\\","\\n\\","\\n\\","<label>stderr and stdout</label>\\n\\","<textarea class=\"resettable\" id=\"outputTextareaStdout1\" readonly></textarea>\\n\\","<!-- utility2-comment\\n\\","{{#if isRollup}}\\n\\","<script src=\"assets.app.js\"></script>\\n\\","{{#unless isRollup}}\\n\\","utility2-comment -->\\n\\","<script src=\"assets.utility2.rollup.js\"></script>\\n\\","<script src=\"jsonp.utility2._stateInit?callback=window.utility2._stateInit\"></script>\\n\\","<script src=\"assets.npmtest_redux_api_middleware.rollup.js\"></script>\\n\\","<script src=\"assets.example.js\"></script>\\n\\","<script src=\"assets.test.js\"></script>\\n\\","<!-- utility2-comment\\n\\","{{/if isRollup}}\\n\\","utility2-comment -->\\n\\","<div class=\"utility2FooterDiv\">\\n\\","    [ this app was created with\\n\\","    <a href=\"https://github.com/kaizhu256/node-utility2\" target=\"_blank\">utility2</a>\\n\\","    ]\\n\\","</div>\\n\\","</body>\\n\\","</html>\\n\\","';","        /* jslint-ignore-end */","        if (local.templateRender) {","            local.assetsDict['/'] = local.templateRender(","                local.assetsDict['/assets.index.template.html'],","                {","                    env: local.objectSetDefault(local.env, {","                        npm_package_description: 'the greatest app in the world!',","                        npm_package_name: 'my-app',","                        npm_package_nameAlias: 'my_app',","                        npm_package_version: '0.0.1'","                    })","                }","            );","        } else {","            local.assetsDict['/'] = local.assetsDict['/assets.index.template.html']","                .replace((/\\{\\{env\\.(\\w+?)\\}\\}/g), function (match0, match1) {","                    // jslint-hack","                    String(match0);","                    switch (match1) {","                    case 'npm_package_description':","                        return 'the greatest app in the world!';","                    case 'npm_package_name':","                        return 'my-app';","                    case 'npm_package_nameAlias':","                        return 'my_app';","                    case 'npm_package_version':","                        return '0.0.1';","                    }","                });","        }","        // run the cli","        if (local.global.utility2_rollup || module !== require.main) {","            break;","        }","        local.assetsDict['/assets.example.js'] =","            local.assetsDict['/assets.example.js'] ||","            local.fs.readFileSync(__filename, 'utf8');","        // bug-workaround - long $npm_package_buildCustomOrg","        /* jslint-ignore-begin */","        local.assetsDict['/assets.npmtest_redux_api_middleware.rollup.js'] =","            local.assetsDict['/assets.npmtest_redux_api_middleware.rollup.js'] ||","            local.fs.readFileSync(","                local.npmtest_redux_api_middleware.__dirname + '/lib.npmtest_redux_api_middleware.js',","                'utf8'","            ).replace((/^#!/), '//');","        /* jslint-ignore-end */","        local.assetsDict['/favicon.ico'] = local.assetsDict['/favicon.ico'] || '';","        // if $npm_config_timeout_exit exists,","        // then exit this process after $npm_config_timeout_exit ms","        if (Number(process.env.npm_config_timeout_exit)) {","            setTimeout(process.exit, Number(process.env.npm_config_timeout_exit));","        }","        // start server","        if (local.global.utility2_serverHttp1) {","            break;","        }","        process.env.PORT = process.env.PORT || '8081';","        console.error('server starting on port ' + process.env.PORT);","        local.http.createServer(function (request, response) {","            request.urlParsed = local.url.parse(request.url);","            if (local.assetsDict[request.urlParsed.pathname] !== undefined) {","                response.end(local.assetsDict[request.urlParsed.pathname]);","                return;","            }","            response.statusCode = 404;","            response.end();","        }).listen(process.env.PORT);","        break;","    }","}());",""],"l":{"26":2,"28":2,"33":2,"35":2,"37":2,"38":2,"39":2,"44":1,"51":2,"55":2,"59":2,"61":2,"69":1,"70":2,"76":2,"79":2,"82":2,"83":2,"85":1,"89":2,"92":1,"93":1,"94":1,"96":1,"97":1,"100":1,"101":1,"103":1,"106":1,"108":2,"114":1,"116":1,"118":1,"123":1,"124":2,"125":2,"126":3,"127":3,"128":3,"129":3,"130":1,"133":3,"134":3,"139":3,"143":1,"144":3,"145":1,"149":1,"150":1,"158":1,"160":1,"161":1,"162":1,"164":1,"166":1,"258":1,"259":1,"271":1,"274":6,"275":6,"277":1,"279":2,"281":1,"283":2,"288":1,"289":1,"291":1,"296":1,"303":1,"306":1,"307":1,"310":1,"311":1,"313":1,"314":1,"315":1,"316":1,"317":1,"318":1,"319":1,"321":1,"322":1,"324":1}},"/home/travis/build/npmtest/node-npmtest-redux-api-middleware/node_modules/redux-api-middleware/lib/index.js":{"path":"/home/travis/build/npmtest/node-npmtest-redux-api-middleware/node_modules/redux-api-middleware/lib/index.js","s":{"1":1,"2":1,"3":1,"4":1,"5":1,"6":1,"7":1,"8":1,"9":1,"10":1,"11":1,"12":1,"13":1,"14":1,"15":1,"16":1,"17":1,"18":1},"b":{},"f":{},"fnMap":{},"statementMap":{"1":{"start":{"line":34,"column":0},"end":{"line":34,"column":97}},"2":{"start":{"line":36,"column":0},"end":{"line":36,"column":26}},"3":{"start":{"line":38,"column":0},"end":{"line":38,"column":38}},"4":{"start":{"line":40,"column":0},"end":{"line":40,"column":51}},"5":{"start":{"line":42,"column":0},"end":{"line":42,"column":42}},"6":{"start":{"line":44,"column":0},"end":{"line":44,"column":34}},"7":{"start":{"line":46,"column":0},"end":{"line":46,"column":30}},"8":{"start":{"line":48,"column":0},"end":{"line":48,"column":42}},"9":{"start":{"line":50,"column":0},"end":{"line":50,"column":41}},"10":{"start":{"line":51,"column":0},"end":{"line":51,"column":36}},"11":{"start":{"line":52,"column":0},"end":{"line":52,"column":48}},"12":{"start":{"line":53,"column":0},"end":{"line":53,"column":46}},"13":{"start":{"line":54,"column":0},"end":{"line":54,"column":42}},"14":{"start":{"line":55,"column":0},"end":{"line":55,"column":46}},"15":{"start":{"line":56,"column":0},"end":{"line":56,"column":44}},"16":{"start":{"line":57,"column":0},"end":{"line":57,"column":36}},"17":{"start":{"line":58,"column":0},"end":{"line":58,"column":32}},"18":{"start":{"line":59,"column":0},"end":{"line":59,"column":50}}},"branchMap":{},"code":["/**"," * Redux middleware for calling an API"," * @module redux-api-middleware"," * @requires isomorphic-fetch"," * @requires lodash.isplainobject"," * @exports {symbol} CALL_API"," * @exports {function} isRSAA"," * @exports {function} validateRSAA"," * @exports {function} isValidRSAA"," * @exports {error} InvalidRSAA"," * @exports {error} InternalError"," * @exports {error} RequestError"," * @exports {error} ApiError"," * @exports {function} getJSON"," * @exports {ReduxMiddleWare} apiMiddleware"," */","","/**"," * @typedef {function} ReduxMiddleware"," * @param {object} store"," * @returns {ReduxNextHandler}"," *"," * @typedef {function} ReduxNextHandler"," * @param {function} next"," * @returns {ReduxActionHandler}"," *"," * @typedef {function} ReduxActionHandler"," * @param {object} action"," * @returns undefined"," */","","'use strict';","","var _interopRequireDefault = require('babel-runtime/helpers/interop-require-default')['default'];","","exports.__esModule = true;","","var _CALL_API = require('./CALL_API');","","var _CALL_API2 = _interopRequireDefault(_CALL_API);","","var _validation = require('./validation');","","var _errors = require('./errors');","","var _util = require('./util');","","var _middleware = require('./middleware');","","exports.CALL_API = _CALL_API2['default'];","exports.isRSAA = _validation.isRSAA;","exports.validateRSAA = _validation.validateRSAA;","exports.isValidRSAA = _validation.isValidRSAA;","exports.InvalidRSAA = _errors.InvalidRSAA;","exports.InternalError = _errors.InternalError;","exports.RequestError = _errors.RequestError;","exports.ApiError = _errors.ApiError;","exports.getJSON = _util.getJSON;","exports.apiMiddleware = _middleware.apiMiddleware;"],"l":{"34":1,"36":1,"38":1,"40":1,"42":1,"44":1,"46":1,"48":1,"50":1,"51":1,"52":1,"53":1,"54":1,"55":1,"56":1,"57":1,"58":1,"59":1}},"/home/travis/build/npmtest/node-npmtest-redux-api-middleware/node_modules/redux-api-middleware/lib/CALL_API.js":{"path":"/home/travis/build/npmtest/node-npmtest-redux-api-middleware/node_modules/redux-api-middleware/lib/CALL_API.js","s":{"1":1,"2":1,"3":1,"4":1,"5":1},"b":{},"f":{},"fnMap":{},"statementMap":{"1":{"start":{"line":10,"column":0},"end":{"line":10,"column":65}},"2":{"start":{"line":12,"column":0},"end":{"line":12,"column":26}},"3":{"start":{"line":13,"column":0},"end":{"line":13,"column":35}},"4":{"start":{"line":15,"column":0},"end":{"line":15,"column":30}},"5":{"start":{"line":16,"column":0},"end":{"line":16,"column":36}}},"branchMap":{},"code":["/**"," * Symbol key that carries API call info interpreted by this Redux middleware."," *"," * @constant {symbol}"," * @access public"," * @default"," */","'use strict';","","var _Symbol = require('babel-runtime/core-js/symbol')['default'];","","exports.__esModule = true;","var CALL_API = _Symbol('Call API');","","exports['default'] = CALL_API;","module.exports = exports['default'];"],"l":{"10":1,"12":1,"13":1,"15":1,"16":1}},"/home/travis/build/npmtest/node-npmtest-redux-api-middleware/node_modules/redux-api-middleware/lib/validation.js":{"path":"/home/travis/build/npmtest/node-npmtest-redux-api-middleware/node_modules/redux-api-middleware/lib/validation.js","s":{"1":1,"2":1,"3":1,"4":1,"5":1,"6":1,"7":1,"8":0,"9":1,"10":0,"11":0,"12":0,"13":0,"14":0,"15":0,"16":0,"17":0,"18":0,"19":0,"20":0,"21":1,"22":0,"23":0,"24":0,"25":0,"26":0,"27":0,"28":0,"29":0,"30":0,"31":0,"32":0,"33":0,"34":0,"35":0,"36":0,"37":0,"38":0,"39":0,"40":0,"41":0,"42":0,"43":0,"44":0,"45":0,"46":0,"47":0,"48":0,"49":0,"50":0,"51":0,"52":0,"53":0,"54":0,"55":0,"56":0,"57":0,"58":0,"59":0,"60":0,"61":0,"62":0,"63":0,"64":0,"65":0,"66":0,"67":0,"68":0,"69":0,"70":0,"71":0,"72":0,"73":0,"74":0,"75":0,"76":0,"77":1,"78":0,"79":1,"80":1,"81":1,"82":1},"b":{"1":[0,0],"2":[0,0],"3":[0,0],"4":[0,0],"5":[0,0],"6":[0,0],"7":[0,0],"8":[0,0],"9":[0,0],"10":[0,0],"11":[0,0],"12":[0,0],"13":[0,0],"14":[0,0],"15":[0,0],"16":[0,0],"17":[0,0],"18":[0,0,0],"19":[0,0],"20":[0,0],"21":[0,0],"22":[0,0],"23":[0,0,0],"24":[0,0],"25":[0,0],"26":[0,0],"27":[0,0],"28":[0,0,0],"29":[0,0],"30":[0,0,0],"31":[0,0],"32":[0,0,0]},"f":{"1":0,"2":0,"3":0,"4":0},"fnMap":{"1":{"name":"isRSAA","line":23,"loc":{"start":{"line":23,"column":0},"end":{"line":23,"column":24}}},"2":{"name":"isValidTypeDescriptor","line":35,"loc":{"start":{"line":35,"column":0},"end":{"line":35,"column":36}}},"3":{"name":"validateRSAA","line":64,"loc":{"start":{"line":64,"column":0},"end":{"line":64,"column":30}}},"4":{"name":"isValidRSAA","line":156,"loc":{"start":{"line":156,"column":0},"end":{"line":156,"column":29}}}},"statementMap":{"1":{"start":{"line":3,"column":0},"end":{"line":3,"column":97}},"2":{"start":{"line":5,"column":0},"end":{"line":5,"column":26}},"3":{"start":{"line":7,"column":0},"end":{"line":7,"column":38}},"4":{"start":{"line":9,"column":0},"end":{"line":9,"column":51}},"5":{"start":{"line":11,"column":0},"end":{"line":11,"column":59}},"6":{"start":{"line":13,"column":0},"end":{"line":13,"column":73}},"7":{"start":{"line":23,"column":0},"end":{"line":25,"column":1}},"8":{"start":{"line":24,"column":2},"end":{"line":24,"column":98}},"9":{"start":{"line":35,"column":0},"end":{"line":53,"column":1}},"10":{"start":{"line":36,"column":2},"end":{"line":36,"column":46}},"11":{"start":{"line":38,"column":2},"end":{"line":40,"column":3}},"12":{"start":{"line":39,"column":4},"end":{"line":39,"column":17}},"13":{"start":{"line":41,"column":2},"end":{"line":45,"column":3}},"14":{"start":{"line":42,"column":4},"end":{"line":44,"column":5}},"15":{"start":{"line":43,"column":6},"end":{"line":43,"column":19}},"16":{"start":{"line":46,"column":2},"end":{"line":50,"column":3}},"17":{"start":{"line":47,"column":4},"end":{"line":47,"column":17}},"18":{"start":{"line":48,"column":9},"end":{"line":50,"column":3}},"19":{"start":{"line":49,"column":4},"end":{"line":49,"column":17}},"20":{"start":{"line":52,"column":2},"end":{"line":52,"column":14}},"21":{"start":{"line":64,"column":0},"end":{"line":146,"column":1}},"22":{"start":{"line":65,"column":2},"end":{"line":65,"column":28}},"23":{"start":{"line":66,"column":2},"end":{"line":66,"column":102}},"24":{"start":{"line":67,"column":2},"end":{"line":67,"column":82}},"25":{"start":{"line":68,"column":2},"end":{"line":68,"column":60}},"26":{"start":{"line":70,"column":2},"end":{"line":73,"column":3}},"27":{"start":{"line":71,"column":4},"end":{"line":71,"column":95}},"28":{"start":{"line":72,"column":4},"end":{"line":72,"column":28}},"29":{"start":{"line":75,"column":2},"end":{"line":79,"column":3}},"30":{"start":{"line":76,"column":4},"end":{"line":78,"column":5}},"31":{"start":{"line":77,"column":6},"end":{"line":77,"column":56}},"32":{"start":{"line":81,"column":2},"end":{"line":81,"column":46}},"33":{"start":{"line":82,"column":2},"end":{"line":84,"column":3}},"34":{"start":{"line":83,"column":4},"end":{"line":83,"column":83}},"35":{"start":{"line":85,"column":2},"end":{"line":89,"column":3}},"36":{"start":{"line":86,"column":4},"end":{"line":88,"column":5}},"37":{"start":{"line":87,"column":6},"end":{"line":87,"column":62}},"38":{"start":{"line":91,"column":2},"end":{"line":91,"column":34}},"39":{"start":{"line":92,"column":2},"end":{"line":92,"column":30}},"40":{"start":{"line":93,"column":2},"end":{"line":93,"column":32}},"41":{"start":{"line":94,"column":2},"end":{"line":94,"column":40}},"42":{"start":{"line":95,"column":2},"end":{"line":95,"column":28}},"43":{"start":{"line":96,"column":2},"end":{"line":96,"column":32}},"44":{"start":{"line":98,"column":2},"end":{"line":102,"column":3}},"45":{"start":{"line":99,"column":4},"end":{"line":99,"column":71}},"46":{"start":{"line":100,"column":9},"end":{"line":102,"column":3}},"47":{"start":{"line":101,"column":4},"end":{"line":101,"column":89}},"48":{"start":{"line":103,"column":2},"end":{"line":109,"column":3}},"49":{"start":{"line":104,"column":4},"end":{"line":104,"column":68}},"50":{"start":{"line":105,"column":9},"end":{"line":109,"column":3}},"51":{"start":{"line":106,"column":4},"end":{"line":106,"column":73}},"52":{"start":{"line":107,"column":9},"end":{"line":109,"column":3}},"53":{"start":{"line":108,"column":4},"end":{"line":108,"column":80}},"54":{"start":{"line":111,"column":2},"end":{"line":113,"column":3}},"55":{"start":{"line":112,"column":4},"end":{"line":112,"column":117}},"56":{"start":{"line":114,"column":2},"end":{"line":120,"column":3}},"57":{"start":{"line":115,"column":4},"end":{"line":119,"column":5}},"58":{"start":{"line":116,"column":6},"end":{"line":116,"column":94}},"59":{"start":{"line":117,"column":11},"end":{"line":119,"column":5}},"60":{"start":{"line":118,"column":6},"end":{"line":118,"column":78}},"61":{"start":{"line":121,"column":2},"end":{"line":123,"column":3}},"62":{"start":{"line":122,"column":4},"end":{"line":122,"column":101}},"63":{"start":{"line":125,"column":2},"end":{"line":143,"column":3}},"64":{"start":{"line":126,"column":4},"end":{"line":126,"column":67}},"65":{"start":{"line":127,"column":9},"end":{"line":143,"column":3}},"66":{"start":{"line":128,"column":4},"end":{"line":128,"column":84}},"67":{"start":{"line":130,"column":4},"end":{"line":130,"column":31}},"68":{"start":{"line":131,"column":4},"end":{"line":131,"column":31}},"69":{"start":{"line":132,"column":4},"end":{"line":132,"column":31}},"70":{"start":{"line":134,"column":4},"end":{"line":136,"column":5}},"71":{"start":{"line":135,"column":6},"end":{"line":135,"column":52}},"72":{"start":{"line":137,"column":4},"end":{"line":139,"column":5}},"73":{"start":{"line":138,"column":6},"end":{"line":138,"column":52}},"74":{"start":{"line":140,"column":4},"end":{"line":142,"column":5}},"75":{"start":{"line":141,"column":6},"end":{"line":141,"column":52}},"76":{"start":{"line":145,"column":2},"end":{"line":145,"column":26}},"77":{"start":{"line":156,"column":0},"end":{"line":158,"column":1}},"78":{"start":{"line":157,"column":2},"end":{"line":157,"column":38}},"79":{"start":{"line":160,"column":0},"end":{"line":160,"column":24}},"80":{"start":{"line":161,"column":0},"end":{"line":161,"column":54}},"81":{"start":{"line":162,"column":0},"end":{"line":162,"column":36}},"82":{"start":{"line":163,"column":0},"end":{"line":163,"column":34}}},"branchMap":{"1":{"line":24,"type":"binary-expr","locations":[{"start":{"line":24,"column":9},"end":{"line":24,"column":49}},{"start":{"line":24,"column":53},"end":{"line":24,"column":97}}]},"2":{"line":38,"type":"if","locations":[{"start":{"line":38,"column":2},"end":{"line":38,"column":2}},{"start":{"line":38,"column":2},"end":{"line":38,"column":2}}]},"3":{"line":42,"type":"if","locations":[{"start":{"line":42,"column":4},"end":{"line":42,"column":4}},{"start":{"line":42,"column":4},"end":{"line":42,"column":4}}]},"4":{"line":46,"type":"if","locations":[{"start":{"line":46,"column":2},"end":{"line":46,"column":2}},{"start":{"line":46,"column":2},"end":{"line":46,"column":2}}]},"5":{"line":48,"type":"if","locations":[{"start":{"line":48,"column":9},"end":{"line":48,"column":9}},{"start":{"line":48,"column":9},"end":{"line":48,"column":9}}]},"6":{"line":48,"type":"binary-expr","locations":[{"start":{"line":48,"column":13},"end":{"line":48,"column":41}},{"start":{"line":48,"column":45},"end":{"line":48,"column":73}}]},"7":{"line":70,"type":"if","locations":[{"start":{"line":70,"column":2},"end":{"line":70,"column":2}},{"start":{"line":70,"column":2},"end":{"line":70,"column":2}}]},"8":{"line":76,"type":"if","locations":[{"start":{"line":76,"column":4},"end":{"line":76,"column":4}},{"start":{"line":76,"column":4},"end":{"line":76,"column":4}}]},"9":{"line":82,"type":"if","locations":[{"start":{"line":82,"column":2},"end":{"line":82,"column":2}},{"start":{"line":82,"column":2},"end":{"line":82,"column":2}}]},"10":{"line":86,"type":"if","locations":[{"start":{"line":86,"column":4},"end":{"line":86,"column":4}},{"start":{"line":86,"column":4},"end":{"line":86,"column":4}}]},"11":{"line":98,"type":"if","locations":[{"start":{"line":98,"column":2},"end":{"line":98,"column":2}},{"start":{"line":98,"column":2},"end":{"line":98,"column":2}}]},"12":{"line":100,"type":"if","locations":[{"start":{"line":100,"column":9},"end":{"line":100,"column":9}},{"start":{"line":100,"column":9},"end":{"line":100,"column":9}}]},"13":{"line":100,"type":"binary-expr","locations":[{"start":{"line":100,"column":13},"end":{"line":100,"column":41}},{"start":{"line":100,"column":45},"end":{"line":100,"column":75}}]},"14":{"line":103,"type":"if","locations":[{"start":{"line":103,"column":2},"end":{"line":103,"column":2}},{"start":{"line":103,"column":2},"end":{"line":103,"column":2}}]},"15":{"line":105,"type":"if","locations":[{"start":{"line":105,"column":9},"end":{"line":105,"column":9}},{"start":{"line":105,"column":9},"end":{"line":105,"column":9}}]},"16":{"line":107,"type":"if","locations":[{"start":{"line":107,"column":9},"end":{"line":107,"column":9}},{"start":{"line":107,"column":9},"end":{"line":107,"column":9}}]},"17":{"line":111,"type":"if","locations":[{"start":{"line":111,"column":2},"end":{"line":111,"column":2}},{"start":{"line":111,"column":2},"end":{"line":111,"column":2}}]},"18":{"line":111,"type":"binary-expr","locations":[{"start":{"line":111,"column":6},"end":{"line":111,"column":36}},{"start":{"line":111,"column":40},"end":{"line":111,"column":82}},{"start":{"line":111,"column":86},"end":{"line":111,"column":115}}]},"19":{"line":114,"type":"if","locations":[{"start":{"line":114,"column":2},"end":{"line":114,"column":2}},{"start":{"line":114,"column":2},"end":{"line":114,"column":2}}]},"20":{"line":115,"type":"if","locations":[{"start":{"line":115,"column":4},"end":{"line":115,"column":4}},{"start":{"line":115,"column":4},"end":{"line":115,"column":4}}]},"21":{"line":117,"type":"if","locations":[{"start":{"line":117,"column":11},"end":{"line":117,"column":11}},{"start":{"line":117,"column":11},"end":{"line":117,"column":11}}]},"22":{"line":121,"type":"if","locations":[{"start":{"line":121,"column":2},"end":{"line":121,"column":2}},{"start":{"line":121,"column":2},"end":{"line":121,"column":2}}]},"23":{"line":121,"type":"binary-expr","locations":[{"start":{"line":121,"column":6},"end":{"line":121,"column":36}},{"start":{"line":121,"column":40},"end":{"line":121,"column":68}},{"start":{"line":121,"column":72},"end":{"line":121,"column":101}}]},"24":{"line":125,"type":"if","locations":[{"start":{"line":125,"column":2},"end":{"line":125,"column":2}},{"start":{"line":125,"column":2},"end":{"line":125,"column":2}}]},"25":{"line":127,"type":"if","locations":[{"start":{"line":127,"column":9},"end":{"line":127,"column":9}},{"start":{"line":127,"column":9},"end":{"line":127,"column":9}}]},"26":{"line":127,"type":"binary-expr","locations":[{"start":{"line":127,"column":13},"end":{"line":127,"column":34}},{"start":{"line":127,"column":38},"end":{"line":127,"column":56}}]},"27":{"line":134,"type":"if","locations":[{"start":{"line":134,"column":4},"end":{"line":134,"column":4}},{"start":{"line":134,"column":4},"end":{"line":134,"column":4}}]},"28":{"line":134,"type":"binary-expr","locations":[{"start":{"line":134,"column":8},"end":{"line":134,"column":39}},{"start":{"line":134,"column":43},"end":{"line":134,"column":74}},{"start":{"line":134,"column":78},"end":{"line":134,"column":113}}]},"29":{"line":137,"type":"if","locations":[{"start":{"line":137,"column":4},"end":{"line":137,"column":4}},{"start":{"line":137,"column":4},"end":{"line":137,"column":4}}]},"30":{"line":137,"type":"binary-expr","locations":[{"start":{"line":137,"column":8},"end":{"line":137,"column":39}},{"start":{"line":137,"column":43},"end":{"line":137,"column":74}},{"start":{"line":137,"column":78},"end":{"line":137,"column":113}}]},"31":{"line":140,"type":"if","locations":[{"start":{"line":140,"column":4},"end":{"line":140,"column":4}},{"start":{"line":140,"column":4},"end":{"line":140,"column":4}}]},"32":{"line":140,"type":"binary-expr","locations":[{"start":{"line":140,"column":8},"end":{"line":140,"column":39}},{"start":{"line":140,"column":43},"end":{"line":140,"column":74}},{"start":{"line":140,"column":78},"end":{"line":140,"column":113}}]}},"code":["'use strict';","","var _interopRequireDefault = require('babel-runtime/helpers/interop-require-default')['default'];","","exports.__esModule = true;","","var _CALL_API = require('./CALL_API');","","var _CALL_API2 = _interopRequireDefault(_CALL_API);","","var _lodashIsplainobject = require('lodash.isplainobject');","","var _lodashIsplainobject2 = _interopRequireDefault(_lodashIsplainobject);","","/**"," * Is the given action a plain JavaScript object with a [CALL_API] property?"," *"," * @function isRSAA"," * @access public"," * @param {object} action - The action to check"," * @returns {boolean}"," */","function isRSAA(action) {","  return _lodashIsplainobject2['default'](action) && action.hasOwnProperty(_CALL_API2['default']);","}","","/**"," * Is the given object a valid type descriptor?"," *"," * @function isValidTypeDescriptor"," * @access private"," * @param {object} obj - The object to check agains the type descriptor definition"," * @returns {boolean}"," */","function isValidTypeDescriptor(obj) {","  var validKeys = ['type', 'payload', 'meta'];","","  if (!_lodashIsplainobject2['default'](obj)) {","    return false;","  }","  for (var key in obj) {","    if (! ~validKeys.indexOf(key)) {","      return false;","    }","  }","  if (!('type' in obj)) {","    return false;","  } else if (typeof obj.type !== 'string' && typeof obj.type !== 'symbol') {","    return false;","  }","","  return true;","}","","/**"," * Checks an action against the RSAA definition, returning a (possibly empty)"," * array of validation errors."," *"," * @function validateRSAA"," * @access public"," * @param {object} action - The action to check against the RSAA definition"," * @returns {array}"," */","function validateRSAA(action) {","  var validationErrors = [];","  var validCallAPIKeys = ['endpoint', 'method', 'body', 'headers', 'credentials', 'bailout', 'types'];","  var validMethods = ['GET', 'HEAD', 'POST', 'PUT', 'PATCH', 'DELETE', 'OPTIONS'];","  var validCredentials = ['omit', 'same-origin', 'include'];","","  if (!isRSAA(action)) {","    validationErrors.push('RSAAs must be plain JavaScript objects with a [CALL_API] property');","    return validationErrors;","  }","","  for (var key in action) {","    if (key !== [_CALL_API2['default']]) {","      validationErrors.push('Invalid root key: ' + key);","    }","  }","","  var callAPI = action[_CALL_API2['default']];","  if (!_lodashIsplainobject2['default'](callAPI)) {","    validationErrors.push('[CALL_API] property must be a plain JavaScript object');","  }","  for (var key in callAPI) {","    if (! ~validCallAPIKeys.indexOf(key)) {","      validationErrors.push('Invalid [CALL_API] key: ' + key);","    }","  }","","  var endpoint = callAPI.endpoint;","  var method = callAPI.method;","  var headers = callAPI.headers;","  var credentials = callAPI.credentials;","  var types = callAPI.types;","  var bailout = callAPI.bailout;","","  if (typeof endpoint === 'undefined') {","    validationErrors.push('[CALL_API] must have an endpoint property');","  } else if (typeof endpoint !== 'string' && typeof endpoint !== 'function') {","    validationErrors.push('[CALL_API].endpoint property must be a string or a function');","  }","  if (typeof method === 'undefined') {","    validationErrors.push('[CALL_API] must have a method property');","  } else if (typeof method !== 'string') {","    validationErrors.push('[CALL_API].method property must be a string');","  } else if (! ~validMethods.indexOf(method.toUpperCase())) {","    validationErrors.push('Invalid [CALL_API].method: ' + method.toUpperCase());","  }","","  if (typeof headers !== 'undefined' && !_lodashIsplainobject2['default'](headers) && typeof headers !== 'function') {","    validationErrors.push('[CALL_API].headers property must be undefined, a plain JavaScript object, or a function');","  }","  if (typeof credentials !== 'undefined') {","    if (typeof credentials !== 'string') {","      validationErrors.push('[CALL_API].credentials property must be undefined, or a string');","    } else if (! ~validCredentials.indexOf(credentials)) {","      validationErrors.push('Invalid [CALL_API].credentials: ' + credentials);","    }","  }","  if (typeof bailout !== 'undefined' && typeof bailout !== 'boolean' && typeof bailout !== 'function') {","    validationErrors.push('[CALL_API].bailout property must be undefined, a boolean, or a function');","  }","","  if (typeof types === 'undefined') {","    validationErrors.push('[CALL_API] must have a types property');","  } else if (!Array.isArray(types) || types.length !== 3) {","    validationErrors.push('[CALL_API].types property must be an array of length 3');","  } else {","    var requestType = types[0];","    var successType = types[1];","    var failureType = types[2];","","    if (typeof requestType !== 'string' && typeof requestType !== 'symbol' && !isValidTypeDescriptor(requestType)) {","      validationErrors.push('Invalid request type');","    }","    if (typeof successType !== 'string' && typeof successType !== 'symbol' && !isValidTypeDescriptor(successType)) {","      validationErrors.push('Invalid success type');","    }","    if (typeof failureType !== 'string' && typeof failureType !== 'symbol' && !isValidTypeDescriptor(failureType)) {","      validationErrors.push('Invalid failure type');","    }","  }","","  return validationErrors;","}","","/**"," * Is the given action a valid RSAA?"," *"," * @function isValidRSAA"," * @access public"," * @param {object} action - The action to check against the RSAA definition"," * @returns {boolean}"," */","function isValidRSAA(action) {","  return !validateRSAA(action).length;","}","","exports.isRSAA = isRSAA;","exports.isValidTypeDescriptor = isValidTypeDescriptor;","exports.validateRSAA = validateRSAA;","exports.isValidRSAA = isValidRSAA;"],"l":{"3":1,"5":1,"7":1,"9":1,"11":1,"13":1,"23":1,"24":0,"35":1,"36":0,"38":0,"39":0,"41":0,"42":0,"43":0,"46":0,"47":0,"48":0,"49":0,"52":0,"64":1,"65":0,"66":0,"67":0,"68":0,"70":0,"71":0,"72":0,"75":0,"76":0,"77":0,"81":0,"82":0,"83":0,"85":0,"86":0,"87":0,"91":0,"92":0,"93":0,"94":0,"95":0,"96":0,"98":0,"99":0,"100":0,"101":0,"103":0,"104":0,"105":0,"106":0,"107":0,"108":0,"111":0,"112":0,"114":0,"115":0,"116":0,"117":0,"118":0,"121":0,"122":0,"125":0,"126":0,"127":0,"128":0,"130":0,"131":0,"132":0,"134":0,"135":0,"137":0,"138":0,"140":0,"141":0,"145":0,"156":1,"157":0,"160":1,"161":1,"162":1,"163":1}},"/home/travis/build/npmtest/node-npmtest-redux-api-middleware/node_modules/redux-api-middleware/lib/errors.js":{"path":"/home/travis/build/npmtest/node-npmtest-redux-api-middleware/node_modules/redux-api-middleware/lib/errors.js","s":{"1":1,"2":1,"3":1,"4":1,"5":1,"6":1,"7":0,"8":0,"9":0,"10":0,"11":0,"12":1,"13":1,"14":1,"15":1,"16":0,"17":0,"18":0,"19":0,"20":1,"21":1,"22":1,"23":1,"24":0,"25":0,"26":0,"27":0,"28":1,"29":1,"30":1,"31":1,"32":0,"33":0,"34":0,"35":0,"36":0,"37":0,"38":0,"39":1,"40":1,"41":1,"42":1,"43":1},"b":{},"f":{"1":1,"2":0,"3":1,"4":0,"5":1,"6":0,"7":1,"8":0},"fnMap":{"1":{"name":"(anonymous_1)","line":16,"loc":{"start":{"line":16,"column":19},"end":{"line":16,"column":37}}},"2":{"name":"InvalidRSAA","line":19,"loc":{"start":{"line":19,"column":2},"end":{"line":19,"column":41}}},"3":{"name":"(anonymous_3)","line":38,"loc":{"start":{"line":38,"column":21},"end":{"line":38,"column":40}}},"4":{"name":"InternalError","line":41,"loc":{"start":{"line":41,"column":2},"end":{"line":41,"column":34}}},"5":{"name":"(anonymous_5)","line":59,"loc":{"start":{"line":59,"column":20},"end":{"line":59,"column":39}}},"6":{"name":"RequestError","line":62,"loc":{"start":{"line":62,"column":2},"end":{"line":62,"column":33}}},"7":{"name":"(anonymous_7)","line":83,"loc":{"start":{"line":83,"column":16},"end":{"line":83,"column":35}}},"8":{"name":"ApiError","line":86,"loc":{"start":{"line":86,"column":2},"end":{"line":86,"column":50}}}},"statementMap":{"1":{"start":{"line":10,"column":0},"end":{"line":10,"column":69}},"2":{"start":{"line":12,"column":0},"end":{"line":12,"column":83}},"3":{"start":{"line":14,"column":0},"end":{"line":14,"column":26}},"4":{"start":{"line":16,"column":0},"end":{"line":36,"column":10}},"5":{"start":{"line":17,"column":2},"end":{"line":17,"column":33}},"6":{"start":{"line":19,"column":2},"end":{"line":26,"column":3}},"7":{"start":{"line":20,"column":4},"end":{"line":20,"column":39}},"8":{"start":{"line":22,"column":4},"end":{"line":22,"column":22}},"9":{"start":{"line":23,"column":4},"end":{"line":23,"column":30}},"10":{"start":{"line":24,"column":4},"end":{"line":24,"column":34}},"11":{"start":{"line":25,"column":4},"end":{"line":25,"column":45}},"12":{"start":{"line":35,"column":2},"end":{"line":35,"column":21}},"13":{"start":{"line":38,"column":0},"end":{"line":57,"column":10}},"14":{"start":{"line":39,"column":2},"end":{"line":39,"column":36}},"15":{"start":{"line":41,"column":2},"end":{"line":47,"column":3}},"16":{"start":{"line":42,"column":4},"end":{"line":42,"column":41}},"17":{"start":{"line":44,"column":4},"end":{"line":44,"column":23}},"18":{"start":{"line":45,"column":4},"end":{"line":45,"column":32}},"19":{"start":{"line":46,"column":4},"end":{"line":46,"column":27}},"20":{"start":{"line":56,"column":2},"end":{"line":56,"column":23}},"21":{"start":{"line":59,"column":0},"end":{"line":81,"column":10}},"22":{"start":{"line":60,"column":2},"end":{"line":60,"column":35}},"23":{"start":{"line":62,"column":2},"end":{"line":68,"column":3}},"24":{"start":{"line":63,"column":4},"end":{"line":63,"column":40}},"25":{"start":{"line":65,"column":4},"end":{"line":65,"column":23}},"26":{"start":{"line":66,"column":4},"end":{"line":66,"column":31}},"27":{"start":{"line":67,"column":4},"end":{"line":67,"column":27}},"28":{"start":{"line":80,"column":2},"end":{"line":80,"column":22}},"29":{"start":{"line":83,"column":0},"end":{"line":98,"column":10}},"30":{"start":{"line":84,"column":2},"end":{"line":84,"column":31}},"31":{"start":{"line":86,"column":2},"end":{"line":95,"column":3}},"32":{"start":{"line":87,"column":4},"end":{"line":87,"column":36}},"33":{"start":{"line":89,"column":4},"end":{"line":89,"column":23}},"34":{"start":{"line":90,"column":4},"end":{"line":90,"column":27}},"35":{"start":{"line":91,"column":4},"end":{"line":91,"column":25}},"36":{"start":{"line":92,"column":4},"end":{"line":92,"column":33}},"37":{"start":{"line":93,"column":4},"end":{"line":93,"column":29}},"38":{"start":{"line":94,"column":4},"end":{"line":94,"column":47}},"39":{"start":{"line":97,"column":2},"end":{"line":97,"column":18}},"40":{"start":{"line":100,"column":0},"end":{"line":100,"column":34}},"41":{"start":{"line":101,"column":0},"end":{"line":101,"column":38}},"42":{"start":{"line":102,"column":0},"end":{"line":102,"column":36}},"43":{"start":{"line":103,"column":0},"end":{"line":103,"column":28}}},"branchMap":{},"code":["/**"," * Error class for an RSAA that does not conform to the RSAA definition"," *"," * @class InvalidRSAA"," * @access public"," * @param {array} validationErrors - an array of validation errors"," */","'use strict';","","var _inherits = require('babel-runtime/helpers/inherits')['default'];","","var _classCallCheck = require('babel-runtime/helpers/class-call-check')['default'];","","exports.__esModule = true;","","var InvalidRSAA = (function (_Error) {","  _inherits(InvalidRSAA, _Error);","","  function InvalidRSAA(validationErrors) {","    _classCallCheck(this, InvalidRSAA);","","    _Error.call(this);","    this.name = 'InvalidRSAA';","    this.message = 'Invalid RSAA';","    this.validationErrors = validationErrors;","  }","","  /**","   * Error class for a custom `payload` or `meta` function throwing","   *","   * @class InternalError","   * @access public","   * @param {string} message - the error message","   */","  return InvalidRSAA;","})(Error);","","var InternalError = (function (_Error2) {","  _inherits(InternalError, _Error2);","","  function InternalError(message) {","    _classC
[...]
t":{"line":38,"column":2},"end":{"line":38,"column":31}},"17":{"start":{"line":40,"column":2},"end":{"line":225,"column":4}},"18":{"start":{"line":41,"column":4},"end":{"line":224,"column":6}},"19":{"start":{"line":42,"column":6},"end":{"line":42,"column":193}},"20":{"start":{"line":44,"column":6},"end":{"line":223,"column":64}},"21":{"start":{"line":45,"column":8},"end":{"line":222,"column":9}},"22":{"start":{"line":45,"column":18},"end":{"line":222,"column":9}},"23":{"start":{"line":47,"column":12},"end":{"line":50,"column":13}},"24":{"start":{"line":48,"column":14},"end":{"line":48,"column":35}},"25":{"start":{"line":49,"column":14},"end":{"line":49,"column":20}},"26":{"start":{"line":52,"column":12},"end":{"line":52,"column":62}},"27":{"start":{"line":55,"column":12},"end":{"line":55,"column":64}},"28":{"start":{"line":57,"column":12},"end":{"line":60,"column":13}},"29":{"start":{"line":58,"column":14},"end":{"line":58,"column":35}},"30":{"start":{"line":59,"column":14},"end":{"line":59,"column":20}},"31":{"start":{"line":62,"column":12},"end":{"line":62,"column":53}},"32":{"start":{"line":64,"column":12},"end":{"line":75,"column":13}},"33":{"start":{"line":65,"column":14},"end":{"line":65,"column":47}},"34":{"start":{"line":67,"column":14},"end":{"line":69,"column":15}},"35":{"start":{"line":68,"column":16},"end":{"line":68,"column":49}},"36":{"start":{"line":70,"column":14},"end":{"line":74,"column":17}},"37":{"start":{"line":76,"column":12},"end":{"line":76,"column":48}},"38":{"start":{"line":79,"column":12},"end":{"line":79,"column":52}},"39":{"start":{"line":80,"column":12},"end":{"line":80,"column":40}},"40":{"start":{"line":81,"column":12},"end":{"line":81,"column":38}},"41":{"start":{"line":82,"column":12},"end":{"line":82,"column":36}},"42":{"start":{"line":83,"column":12},"end":{"line":83,"column":32}},"43":{"start":{"line":84,"column":12},"end":{"line":84,"column":46}},"44":{"start":{"line":85,"column":12},"end":{"line":85,"column":38}},"45":{"start":{"line":86,"column":12},"end":{"line":86,"column":34}},"46":{"start":{"line":87,"column":12},"end":{"line":87,"column":78}},"47":{"start":{"line":88,"column":12},"end":{"line":88,"column":55}},"48":{"start":{"line":89,"column":12},"end":{"line":89,"column":55}},"49":{"start":{"line":90,"column":12},"end":{"line":90,"column":55}},"50":{"start":{"line":91,"column":12},"end":{"line":91,"column":34}},"51":{"start":{"line":93,"column":12},"end":{"line":96,"column":13}},"52":{"start":{"line":94,"column":14},"end":{"line":94,"column":36}},"53":{"start":{"line":95,"column":14},"end":{"line":95,"column":20}},"54":{"start":{"line":98,"column":12},"end":{"line":98,"column":48}},"55":{"start":{"line":101,"column":12},"end":{"line":101,"column":34}},"56":{"start":{"line":102,"column":12},"end":{"line":102,"column":18}},"57":{"start":{"line":105,"column":12},"end":{"line":105,"column":34}},"58":{"start":{"line":106,"column":12},"end":{"line":106,"column":54}},"59":{"start":{"line":107,"column":12},"end":{"line":107,"column":34}},"60":{"start":{"line":108,"column":12},"end":{"line":111,"column":39}},"61":{"start":{"line":114,"column":12},"end":{"line":114,"column":46}},"62":{"start":{"line":115,"column":12},"end":{"line":115,"column":70}},"63":{"start":{"line":118,"column":12},"end":{"line":121,"column":13}},"64":{"start":{"line":119,"column":14},"end":{"line":119,"column":36}},"65":{"start":{"line":120,"column":14},"end":{"line":120,"column":20}},"66":{"start":{"line":123,"column":12},"end":{"line":123,"column":34}},"67":{"start":{"line":125,"column":12},"end":{"line":125,"column":44}},"68":{"start":{"line":126,"column":12},"end":{"line":126,"column":34}},"69":{"start":{"line":127,"column":12},"end":{"line":127,"column":18}},"70":{"start":{"line":130,"column":12},"end":{"line":130,"column":34}},"71":{"start":{"line":131,"column":12},"end":{"line":131,"column":54}},"72":{"start":{"line":132,"column":12},"end":{"line":132,"column":34}},"73":{"start":{"line":133,"column":12},"end":{"line":136,"column":39}},"74":{"start":{"line":139,"column":12},"end":{"line":139,"column":46}},"75":{"start":{"line":140,"column":12},"end":{"line":140,"column":70}},"76":{"start":{"line":143,"column":12},"end":{"line":146,"column":13}},"77":{"start":{"line":144,"column":14},"end":{"line":144,"column":36}},"78":{"start":{"line":145,"column":14},"end":{"line":145,"column":20}},"79":{"start":{"line":148,"column":12},"end":{"line":148,"column":34}},"80":{"start":{"line":150,"column":12},"end":{"line":150,"column":42}},"81":{"start":{"line":151,"column":12},"end":{"line":151,"column":34}},"82":{"start":{"line":152,"column":12},"end":{"line":152,"column":18}},"83":{"start":{"line":155,"column":12},"end":{"line":155,"column":34}},"84":{"start":{"line":156,"column":12},"end":{"line":156,"column":54}},"85":{"start":{"line":157,"column":12},"end":{"line":157,"column":34}},"86":{"start":{"line":158,"column":12},"end":{"line":161,"column":39}},"87":{"start":{"line":164,"column":12},"end":{"line":164,"column":46}},"88":{"start":{"line":165,"column":12},"end":{"line":165,"column":70}},"89":{"start":{"line":168,"column":12},"end":{"line":168,"column":34}},"90":{"start":{"line":169,"column":12},"end":{"line":169,"column":98}},"91":{"start":{"line":172,"column":12},"end":{"line":172,"column":46}},"92":{"start":{"line":173,"column":12},"end":{"line":173,"column":33}},"93":{"start":{"line":174,"column":12},"end":{"line":174,"column":34}},"94":{"start":{"line":175,"column":12},"end":{"line":175,"column":34}},"95":{"start":{"line":176,"column":12},"end":{"line":176,"column":161}},"96":{"start":{"line":179,"column":12},"end":{"line":179,"column":35}},"97":{"start":{"line":180,"column":12},"end":{"line":180,"column":34}},"98":{"start":{"line":181,"column":12},"end":{"line":181,"column":18}},"99":{"start":{"line":184,"column":12},"end":{"line":184,"column":34}},"100":{"start":{"line":185,"column":12},"end":{"line":185,"column":54}},"101":{"start":{"line":186,"column":12},"end":{"line":186,"column":34}},"102":{"start":{"line":187,"column":12},"end":{"line":190,"column":39}},"103":{"start":{"line":193,"column":12},"end":{"line":193,"column":46}},"104":{"start":{"line":194,"column":12},"end":{"line":194,"column":70}},"105":{"start":{"line":197,"column":12},"end":{"line":200,"column":13}},"106":{"start":{"line":198,"column":14},"end":{"line":198,"column":36}},"107":{"start":{"line":199,"column":14},"end":{"line":199,"column":20}},"108":{"start":{"line":202,"column":12},"end":{"line":202,"column":34}},"109":{"start":{"line":203,"column":12},"end":{"line":203,"column":103}},"110":{"start":{"line":206,"column":12},"end":{"line":206,"column":46}},"111":{"start":{"line":207,"column":12},"end":{"line":207,"column":70}},"112":{"start":{"line":210,"column":12},"end":{"line":210,"column":34}},"113":{"start":{"line":211,"column":12},"end":{"line":213,"column":44}},"114":{"start":{"line":216,"column":12},"end":{"line":216,"column":47}},"115":{"start":{"line":217,"column":12},"end":{"line":217,"column":71}},"116":{"start":{"line":221,"column":12},"end":{"line":221,"column":38}},"117":{"start":{"line":228,"column":0},"end":{"line":228,"column":38}}},"branchMap":{"1":{"line":45,"type":"switch","locations":[{"start":{"line":46,"column":10},"end":{"line":52,"column":62}},{"start":{"line":54,"column":10},"end":{"line":76,"column":48}},{"start":{"line":78,"column":10},"end":{"line":98,"column":48}},{"start":{"line":100,"column":10},"end":{"line":102,"column":18}},{"start":{"line":104,"column":10},"end":{"line":111,"column":39}},{"start":{"line":113,"column":10},"end":{"line":115,"column":70}},{"start":{"line":117,"column":10},"end":{"line":127,"column":18}},{"start":{"line":129,"column":10},"end":{"line":136,"column":39}},{"start":{"line":138,"column":10},"end":{"line":140,"column":70}},{"start":{"line":142,"column":10},"end":{"line":152,"column":18}},{"start":{"line":154,"column":10},"end":{"line":161,"column":39}},{"start":{"line":163,"column":10},"end":{"line":165,"column":70}},{"start":{"line":167,"column":10},"end":{"line":169,"column":98}},{"start":{"line":171,"column":10},"end":{"line":176,"column":161}},{"start":{"line":178,"column":10},"end":{"line":181,"column":18}},{"start":{"line":183,"column":10},"end":{"line":190,"column":39}},{"start":{"line":192,"column":10},"end":{"line":194,"column":70}},{"start":{"line":196,"column":10},"end":{"line":203,"column":103}},{"start":{"line":205,"column":10},"end":{"line":207,"column":70}},{"start":{"line":209,"column":10},"end":{"line":213,"column":44}},{"start":{"line":215,"column":10},"end":{"line":217,"column":71}},{"start":{"line":219,"column":10},"end":{"line":219,"column":18}},{"start":{"line":220,"column":10},"end":{"line":221,"column":38}}]},"2":{"line":47,"type":"if","locations":[{"start":{"line":47,"column":12},"end":{"line":47,"column":12}},{"start":{"line":47,"column":12},"end":{"line":47,"column":12}}]},"3":{"line":57,"type":"if","locations":[{"start":{"line":57,"column":12},"end":{"line":57,"column":12}},{"start":{"line":57,"column":12},"end":{"line":57,"column":12}}]},"4":{"line":64,"type":"if","locations":[{"start":{"line":64,"column":12},"end":{"line":64,"column":12}},{"start":{"line":64,"column":12},"end":{"line":64,"column":12}}]},"5":{"line":64,"type":"binary-expr","locations":[{"start":{"line":64,"column":16},"end":{"line":64,"column":30}},{"start":{"line":64,"column":34},"end":{"line":64,"column":63}}]},"6":{"line":67,"type":"if","locations":[{"start":{"line":67,"column":14},"end":{"line":67,"column":14}},{"start":{"line":67,"column":14},"end":{"line":67,"column":14}}]},"7":{"line":67,"type":"binary-expr","locations":[{"start":{"line":67,"column":18},"end":{"line":67,"column":30}},{"start":{"line":67,"column":34},"end":{"line":67,"column":51}}]},"8":{"line":93,"type":"if","locations":[{"start":{"line":93,"column":12},"end":{"line":93,"column":12}},{"start":{"line":93,"column":12},"end":{"line":93,"column":12}}]},"9":{"line":93,"type":"binary-expr","locations":[{"start":{"line":93,"column":18},"end":{"line":93,"column":46}},{"start":{"line":93,"column":50},"end":{"line":93,"column":57}},{"start":{"line":93,"column":61},"end":{"line":93,"column":90}},{"start":{"line":93,"column":94},"end":{"line":93,"column":113}}]},"10":{"line":118,"type":"if","locations":[{"start":{"line":118,"column":12},"end":{"line":118,"column":12}},{"start":{"line":118,"column":12},"end":{"line":118,"column":12}}]},"11":{"line":143,"type":"if","locations":[{"start":{"line":143,"column":12},"end":{"line":143,"column":12}},{"start":{"line":143,"column":12},"end":{"line":143,"column":12}}]},"12":{"line":197,"type":"if","locations":[{"start":{"line":197,"column":12},"end":{"line":197,"column":12}},{"start":{"line":197,"column":12},"end":{"line":197,"column":12}}]}},"code":["'use strict';","","var _extends = require('babel-runtime/helpers/extends')['default'];","","var _regeneratorRuntime = require('babel-runtime/regenerator')['default'];","","var _interopRequireDefault = require('babel-runtime/helpers/interop-require-default')['default'];","","exports.__esModule = true;","","var _isomorphicFetch = require('isomorphic-fetch');","","var _isomorphicFetch2 = _interopRequireDefault(_isomorphicFetch);","","var _lodashIsplainobject = require('lodash.isplainobject');","","var _lodashIsplainobject2 = _interopRequireDefault(_lodashIsplainobject);","","var _CALL_API = require('./CALL_API');","","var _CALL_API2 = _interopRequireDefault(_CALL_API);","","var _validation = require('./validation');","","var _errors = require('./errors');","","var _util = require('./util');","","/**"," * A Redux middleware that processes RSAA actions."," *"," * @type {ReduxMiddleware}"," * @access public"," */","function apiMiddleware(_ref) {","  var _this = this;","","  var getState = _ref.getState;","","  return function (next) {","    return function callee$2$0(action) {","      var validationErrors, _callAPI, _requestType, callAPI, endpoint, headers, method, body, credentials, bailout, types, _normalizeTypeDescriptors, requestType, successType, failureType, res;","","      return _regeneratorRuntime.async(function callee$2$0$(context$3$0) {","        while (1) switch (context$3$0.prev = context$3$0.next) {","          case 0:","            if (_validation.isRSAA(action)) {","              context$3$0.next = 2;","              break;","            }","","            return context$3$0.abrupt('return', next(action));","","          case 2:","            validationErrors = _validation.validateRSAA(action);","","            if (!validationErrors.length) {","              context$3$0.next = 7;","              break;","            }","","            _callAPI = action[_CALL_API2['default']];","","            if (_callAPI.types && Array.isArray(_callAPI.types)) {","              _requestType = _callAPI.types[0];","","              if (_requestType && _requestType.type) {","                _requestType = _requestType.type;","              }","              next({","                type: _requestType,","                payload: new _errors.InvalidRSAA(validationErrors),","                error: true","              });","            }","            return context$3$0.abrupt('return');","","          case 7:","            callAPI = action[_CALL_API2['default']];","            endpoint = callAPI.endpoint;","            headers = callAPI.headers;","            method = callAPI.method;","            body = callAPI.body;","            credentials = callAPI.credentials;","            bailout = callAPI.bailout;","            types = callAPI.types;","            _normalizeTypeDescriptors = _util.normalizeTypeDescriptors(types);","            requestType = _normalizeTypeDescriptors[0];","            successType = _normalizeTypeDescriptors[1];","            failureType = _normalizeTypeDescriptors[2];","            context$3$0.prev = 19;","","            if (!(typeof bailout === 'boolean' && bailout || typeof bailout === 'function' && bailout(getState()))) {","              context$3$0.next = 22;","              break;","            }","","            return context$3$0.abrupt('return');","","          case 22:","            context$3$0.next = 30;","            break;","","          case 24:","            context$3$0.prev = 24;","            context$3$0.t0 = context$3$0['catch'](19);","            context$3$0.next = 28;","            return _regeneratorRuntime.awrap(_util.actionWith(_extends({}, requestType, {","              payload: new _errors.RequestError('[CALL_API].bailout function failed'),","              error: true","            }), [action, getState()]));","","          case 28:","            context$3$0.t1 = context$3$0.sent;","            return context$3$0.abrupt('return', next(context$3$0.t1));","","          case 30:","            if (!(typeof endpoint === 'function')) {","              context$3$0.next = 41;","              break;","            }","","            context$3$0.prev = 31;","","            endpoint = endpoint(getState());","            context$3$0.next = 41;","            break;","","          case 35:","            context$3$0.prev = 35;","            context$3$0.t2 = context$3$0['catch'](31);","            context$3$0.next = 39;","            return _regeneratorRuntime.awrap(_util.actionWith(_extends({}, requestType, {","              payload: new _errors.RequestError('[CALL_API].endpoint function failed'),","              error: true","            }), [action, getState()]));","","          case 39:","            context$3$0.t3 = context$3$0.sent;","            return context$3$0.abrupt('return', next(context$3$0.t3));","","          case 41:","            if (!(typeof headers === 'function')) {","              context$3$0.next = 52;","              break;","            }","","            context$3$0.prev = 42;","","            headers = headers(getState());","            context$3$0.next = 52;","            break;","","          case 46:","            context$3$0.prev = 46;","            context$3$0.t4 = context$3$0['catch'](42);","            context$3$0.next = 50;","            return _regeneratorRuntime.awrap(_util.actionWith(_extends({}, requestType, {","              payload: new _errors.RequestError('[CALL_API].headers function failed'),","              error: true","            }), [action, getState()]));","","          case 50:","            context$3$0.t5 = context$3$0.sent;","            return context$3$0.abrupt('return', next(context$3$0.t5));","","          case 52:","            context$3$0.next = 54;","            return _regeneratorRuntime.awrap(_util.actionWith(requestType, [action, getState()]));","","          case 54:","            context$3$0.t6 = context$3$0.sent;","            next(context$3$0.t6);","            context$3$0.prev = 56;","            context$3$0.next = 59;","            return _regeneratorRuntime.awrap(_isomorphicFetch2['default'](endpoint, { method: method, body: body, credentials: credentials, headers: headers }));","","          case 59:","            res = context$3$0.sent;","            context$3$0.next = 68;","            break;","","          case 62:","            context$3$0.prev = 62;","            context$3$0.t7 = context$3$0['catch'](56);","            context$3$0.next = 66;","            return _regeneratorRuntime.awrap(_util.actionWith(_extends({}, requestType, {","              payload: new _errors.RequestError(context$3$0.t7.message),","              error: true","            }), [action, getState()]));","","          case 66:","            context$3$0.t8 = context$3$0.sent;","            return context$3$0.abrupt('return', next(context$3$0.t8));","","          case 68:","            if (!res.ok) {","              context$3$0.next = 75;","              break;","            }","","            context$3$0.next = 71;","            return _regeneratorRuntime.awrap(_util.actionWith(successType, [action, getState(), res]));","","          case 71:","            context$3$0.t9 = context$3$0.sent;","            return context$3$0.abrupt('return', next(context$3$0.t9));","","          case 75:","            context$3$0.next = 77;","            return _regeneratorRuntime.awrap(_util.actionWith(_extends({}, failureType, {","              error: true","            }), [action, getState(), res]));","","          case 77:","            context$3$0.t10 = context$3$0.sent;","            return context$3$0.abrupt('return', next(context$3$0.t10));","","          case 79:","          case 'end':","            return context$3$0.stop();","        }","      }, null, _this, [[19, 24], [31, 35], [42, 46], [56, 62]]);","    };","  };","}","","exports.apiMiddleware = apiMiddleware;","","// Do not process actions without a [CALL_API] property","","// Try to dispatch an error request FSA for invalid RSAAs","","// Parse the validated RSAA action","","// Should we bail out?","","// Process [CALL_API].endpoint function","","// Process [CALL_API].headers function","","// We can now dispatch the request FSA","","// Make the API call","","// The request was malformed, or there was a network error","","// Process the server response"],"l":{"3":1,"5":1,"7":1,"9":1,"11":1,"13":1,"15":1,"17":1,"19":1,"21":1,"23":1,"25":1,"27":1,"35":1,"36":0,"38":0,"40":0,"41":0,"42":0,"44":0,"45":0,"47":0,"48":0,"49":0,"52":0,"55":0,"57":0,"58":0,"59":0,"62":0,"64":0,"65":0,"67":0,"68":0,"70":0,"76":0,"79":0,"80":0,"81":0,"82":0,"83":0,"84":0,"85":0,"86":0,"87":0,"88":0,"89":0,"90":0,"91":0,"93":0,"94":0,"95":0,"98":0,"101":0,"102":0,"105":0,"106":0,"107":0,"108":0,"114":0,"115":0,"118":0,"119":0,"120":0,"123":0,"125":0,"126":0,"127":0,"130":0,"131":0,"132":0,"133":0,"139":0,"140":0,"143":0,"144":0,"145":0,"148":0,"150":0,"151":0,"152":0,"155":0,"156":0,"157":0,"158":0,"164":0,"165":0,"168":0,"169":0,"172":0,"173":0,"174":0,"175":0,"176":0,"179":0,"180":0,"181":0,"184":0,"185":0,"186":0,"187":0,"193":0,"194":0,"197":0,"198":0,"199":0,"202":0,"203":0,"206":0,"207":0,"210":0,"211":0,"216":0,"217":0,"221":0,"228":1}}}